**********************
Windows PowerShell transcript start
Start time: 20191031190158
Username: OCPINFRA\ereen.thabet
RunAs User: OCPINFRA\ereen.thabet
Machine: VNUINFRATOOL01 (Microsoft Windows NT 6.3.9600.0)
Host Application: C:\Windows\System32\WindowsPowerShell\v1.0\powershell.exe
Process ID: 34728
PSVersion: 5.1.14409.1018
PSEdition: Desktop
PSCompatibleVersions: 1.0, 2.0, 3.0, 4.0, 5.0, 5.1.14409.1018
BuildVersion: 10.0.14409.1018
CLRVersion: 4.0.30319.42000
WSManStackVersion: 3.0
PSRemotingProtocolVersion: 2.3
SerializationVersion: 1.1.0.1
**********************
10/31/2019 7:01:58 PM [Main] : Script version: v1.0.1
10/31/2019 7:01:58 PM [Main] : ImportModule ConvertTo-IPv4MaskString.ps1
10/31/2019 7:01:58 PM [Main] : ImportModule Debug-Functions.ps1
10/31/2019 7:01:58 PM [Main] : ImportModule Exit-function.ps1
10/31/2019 7:01:58 PM [Main] : ImportModule Get-Inifile.ps1
10/31/2019 7:01:58 PM [Main] : ImportModule Get-ScriptVersion.ps1
10/31/2019 7:01:58 PM [Main] : ImportModule NSX-Functions.ps1
10/31/2019 7:01:58 PM [Main] : ImportModule VCD-functions.ps1
10/31/2019 7:01:58 PM [Main] : Import customer file D:\Scripts\OCBOPS\fca-customer-creation\Customers-info\FCA_SE_CUST_TEMPLATE2.xml
10/31/2019 7:01:58 PM [Main] : Site Name  FCA_VDR
10/31/2019 7:01:58 PM [Main] : Import site file D:\Scripts\OCBOPS\fca-customer-creation\Customers-info\FCA_VDR.ini
10/31/2019 7:01:58 PM [Main]
10/31/2019 7:01:58 PM [ExtNetwork] : Script version: v1.0.1
10/31/2019 7:01:58 PM [ExtNetwork] : PowerCli connection to vCenter : 10.19.249.9

Name                           Port  User
----                           ----  ----
10.19.249.9                    443   VSPHERE.LOCAL\onboarding
10/31/2019 7:01:59 PM [ExtNetwork] : PowerCli connected to vCenter
10/31/2019 7:01:59 PM [ExtNetwork] : The Site FCA_VDR is selected
10/31/2019 7:01:59 PM [ExtNetwork] : The API URL api-3.flexible-computing-advanced.orange-business.com is selected
10/31/2019 7:01:59 PM [ExtNetwork] : The API Version 27.0 is selected
10/31/2019 7:01:59 PM [ExtNetwork] : Authenticating FCA_SE@system against api-3.flexible-computing-advanced.orange-business.com
10/31/2019 7:01:59 PM [ExtNetwork] : User FCA_SE@system authenticated
10/31/2019 7:01:59 PM [ExtNetwork] : Get Org List
10/31/2019 7:02:00 PM [ExtNetwork] : Org already exist :FCA_VDR_Automation
10/31/2019 7:02:00 PM [ExtNetwork] : Get existing one :FCA_VDR_Automation
10/31/2019 7:02:01 PM [ExtNetwork] : Import XML file D:\Scripts\OCBOPS\fca-customer-creation\Templates\UserTemplate.xml
10/31/2019 7:02:01 PM [ExtNetwork] : Creating New User :System.Xml.XmlElement.Name
PS D:\Scripts\OCBOPS\fca-customer-creation> TerminatingError(Invoke-RestMethod): "The remote server returned an error: (403) Forbidden."
WARNING: Invoke-vCloud Exception: The remote server returned an error: (403) Forbidden.
10/31/2019 7:02:01 PM [ExtNetwork] : Import XML file D:\Scripts\OCBOPS\fca-customer-creation\Templates\UserTemplate.xml
10/31/2019 7:02:01 PM [ExtNetwork] : Creating New User :System.Xml.XmlElement.Name
PS D:\Scripts\OCBOPS\fca-customer-creation> TerminatingError(Invoke-RestMethod): "The remote server returned an error: (403) Forbidden."
WARNING: Invoke-vCloud Exception: The remote server returned an error: (403) Forbidden.
10/31/2019 7:02:01 PM [ExtNetwork] : Get Existing OrgVDC List
10/31/2019 7:02:01 PM [ExtNetwork] : Import XML file D:\Scripts\OCBOPS\fca-customer-creation\Templates\OrgVDCTemplate.xml
10/31/2019 7:02:01 PM [ExtNetwork] : Get PVDCs List
10/31/2019 7:02:12 PM [ExtNetwork] : Get PVDC Info : PVDCNUVDRVCAN01
10/31/2019 7:02:37 PM [ExtNetwork] : Creating OrgVDC :OrgVDC1
e4e766be-f3a2-430c-9073-3ac93b3a38ed
10/31/2019 7:02:38 PM [ExtNetwork] : Task submitted successfully, waiting for result
10/31/2019 7:02:38 PM [ExtNetwork] : Task running
10/31/2019 7:02:43 PM [ExtNetwork] : Task running
10/31/2019 7:02:48 PM [ExtNetwork] : Task running
10/31/2019 7:02:53 PM [ExtNetwork] : Task running
10/31/2019 7:02:58 PM [ExtNetwork] : Task completed successfully
10/31/2019 7:02:58 PM [ExtNetwork] : Task Status:True
10/31/2019 7:02:58 PM [ExtNetwork] : Import XML file D:\Scripts\OCBOPS\fca-customer-creation\Templates\OrgVDCEdgeTemplate.xml
PS D:\Scripts\OCBOPS\fca-customer-creation> TerminatingError(Invoke-RestMethod): "The operation has timed out."
WARNING: Invoke-vCloud Exception: The operation has timed out.
10/31/2019 7:04:38 PM [ExtNetwork] : Script Terminated
10/31/2019 7:04:38 PM [Main]
**********************
Windows PowerShell transcript end
End time: 20191031190438
**********************
