**********************
Windows PowerShell transcript start
Start time: 20190924090708
Username: OCPINFRA\ereen.thabet
RunAs User: OCPINFRA\ereen.thabet
Machine: VNUINFRATOOL01 (Microsoft Windows NT 6.3.9600.0)
Host Application: C:\Windows\System32\WindowsPowerShell\v1.0\powershell.exe
Process ID: 20600
PSVersion: 5.1.14409.1018
PSEdition: Desktop
PSCompatibleVersions: 1.0, 2.0, 3.0, 4.0, 5.0, 5.1.14409.1018
BuildVersion: 10.0.14409.1018
CLRVersion: 4.0.30319.42000
WSManStackVersion: 3.0
PSRemotingProtocolVersion: 2.3
SerializationVersion: 1.1.0.1
**********************
9/24/2019 9:07:08 AM [Main] : Script version: v1.0.1
9/24/2019 9:07:08 AM [Main] : ImportModel ConvertTo-IPv4MaskString.ps1
9/24/2019 9:07:08 AM [Main] : ImportModel Debug-Functions.ps1
9/24/2019 9:07:08 AM [Main] : ImportModel Exit-function.ps1
9/24/2019 9:07:08 AM [Main] : ImportModel Get-Inifile.ps1
9/24/2019 9:07:08 AM [Main] : ImportModel Get-ScriptVersion.ps1
9/24/2019 9:07:08 AM [Main] : ImportModel NSX-Functions.ps1
9/24/2019 9:07:08 AM [Main] : ImportModel VCD-functions.ps1
9/24/2019 9:07:08 AM [Main] : Import customer file D:\Scripts\OCBOPS\fca-customer-creation\Customers-info\FCA_SE_CUST_TEMPLATE.xml
9/24/2019 9:07:08 AM [Main] : Site Name  FCA_VDR
9/24/2019 9:07:08 AM [Main] : Import site file D:\Scripts\OCBOPS\fca-customer-creation\Customers-info\FCA_VDR.ini
9/24/2019 9:07:08 AM [Main]
9/24/2019 9:07:08 AM [ExtNetwork] : Script version: v1.0.1
9/24/2019 9:07:08 AM [ExtNetwork] : PowerCli connection to vCenter : 10.19.249.9

Name                           Port  User
----                           ----  ----
10.19.249.9                    443   VSPHERE.LOCAL\onboarding
9/24/2019 9:07:12 AM [ExtNetwork] : PowerCli connected to vCenter
9/24/2019 9:07:12 AM [ExtNetwork] : The Site FCA_VDR is selected
9/24/2019 9:07:12 AM [ExtNetwork] : The API URL api-3.flexible-computing-advanced.orange-business.com is selected
9/24/2019 9:07:12 AM [ExtNetwork] : The API Version 27.0 is selected
PS>TerminatingError(New-Object): "Cannot find type [TrustAllCertsPolicy]: verify that the assembly containing this type is loaded."
New-Object : Cannot find type [TrustAllCertsPolicy]: verify that the assembly containing this type is loaded.
At D:\Scripts\OCBOPS\fca-customer-creation\Modules\VCD-functions.ps1:24 char:56
+ ... vicePointManager]::CertificatePolicy = New-Object TrustAllCertsPolicy
+                                            ~~~~~~~~~~~~~~~~~~~~~~~~~~~~~~
    + CategoryInfo          : InvalidType: (:) [New-Object], PSArgumentException
    + FullyQualifiedErrorId : TypeNotFound,Microsoft.PowerShell.Commands.NewObjectCommand
New-Object : Cannot find type [TrustAllCertsPolicy]: verify that the assembly containing this type is loaded.
At D:\Scripts\OCBOPS\fca-customer-creation\Modules\VCD-functions.ps1:24 char:56
+ ... vicePointManager]::CertificatePolicy = New-Object TrustAllCertsPolicy
+                                            ~~~~~~~~~~~~~~~~~~~~~~~~~~~~~~
    + CategoryInfo          : InvalidType: (:) [New-Object], PSArgumentException
    + FullyQualifiedErrorId : TypeNotFound,Microsoft.PowerShell.Commands.NewObjectCommand

9/24/2019 9:07:12 AM [ExtNetwork] : Authenticating FCA_SE@system against api-3.flexible-computing-advanced.orange-business.com
9/24/2019 9:07:13 AM [ExtNetwork] : User FCA_SE@system authenticated
9/24/2019 9:07:13 AM [ExtNetwork] : Import XML file D:\Scripts\OCBOPS\fca-customer-creation\Templates\ExternalNetwork.xml
9/24/2019 9:07:15 AM [ExtNetwork] : Updating XML ADMIN External Network file
9/24/2019 9:07:15 AM [ExtNetwork] : Checking if Admin External Network exist before :FCA_VDR_Automation_ADMIN_INTERCO_vCDESG_S1

xml                          : version="1.0" encoding="UTF-8"
VMWExternalNetworkReferences : VMWExternalNetworkReferences

9/24/2019 9:07:43 AM [ExtNetwork] : Creating External Network :FCA_VDR_Automation_ADMIN_INTERCO_vCDESG_S1
9/24/2019 9:07:43 AM [ExtNetwork] : Creating External Network :192.168.5.14 / 255.255.255.240
PS>TerminatingError(Invoke-RestMethod): "

"
WARNING: Invoke-vCloud Exception: The remote server returned an error: (400) Bad Request.
9/24/2019 9:07:47 AM [ExtNetwork] : Script Terminated
9/24/2019 9:07:47 AM [Main]
**********************
Windows PowerShell transcript end
End time: 20190924090747
**********************
