**********************
Windows PowerShell transcript start
Start time: 20191031125550
Username: OCPINFRA\ereen.thabet
RunAs User: OCPINFRA\ereen.thabet
Machine: VNUINFRATOOL01 (Microsoft Windows NT 6.3.9600.0)
Host Application: C:\Windows\System32\WindowsPowerShell\v1.0\powershell.exe
Process ID: 9156
PSVersion: 5.1.14409.1018
PSEdition: Desktop
PSCompatibleVersions: 1.0, 2.0, 3.0, 4.0, 5.0, 5.1.14409.1018
BuildVersion: 10.0.14409.1018
CLRVersion: 4.0.30319.42000
WSManStackVersion: 3.0
PSRemotingProtocolVersion: 2.3
SerializationVersion: 1.1.0.1
**********************
10/31/2019 12:55:50 PM [Main] : Script version: v1.0.1
10/31/2019 12:55:50 PM [Main] : ImportModule ConvertTo-IPv4MaskString.ps1
10/31/2019 12:55:50 PM [Main] : ImportModule Debug-Functions.ps1
10/31/2019 12:55:50 PM [Main] : ImportModule Exit-function.ps1
10/31/2019 12:55:50 PM [Main] : ImportModule Get-Inifile.ps1
10/31/2019 12:55:51 PM [Main] : ImportModule Get-ScriptVersion.ps1
10/31/2019 12:55:51 PM [Main] : ImportModule NSX-Functions.ps1
10/31/2019 12:55:51 PM [Main] : ImportModule VCD-functions.ps1
10/31/2019 12:55:51 PM [Main] : Import customer file D:\Scripts\OCBOPS\fca-customer-creation\Customers-info\FCA_SE_CUST_TEMPLATE.xml
10/31/2019 12:55:51 PM [Main] : Site Name  FCA_VDR
10/31/2019 12:55:51 PM [Main] : Import site file D:\Scripts\OCBOPS\fca-customer-creation\Customers-info\FCA_VDR.ini
10/31/2019 12:55:51 PM [PESG] : Script version: v1.0.1
10/31/2019 12:55:51 PM [PESG] : ImportModel PowerNSX
WARNING: The names of some imported commands from the module 'PowerNSX' include unapproved verbs that might make them less discoverable. To find the commands with unapproved verbs, run the Import-Module command again with the Verbose parameter. For a list of approved verbs, type Get-Verb.
10/31/2019 12:55:51 PM [PESG] : PowerCli connection to vCenter : 10.19.249.9

Name                           Port  User
----                           ----  ----
10.19.249.9                    443   VSPHERE.LOCAL\onboarding
10/31/2019 12:55:52 PM [PESG] : PowerCli connected to vCenter
10/31/2019 12:55:52 PM [PESG] : PowerNSX connection to the NSX manager
Using existing PowerCLI connection to 10.19.249.9

Version             : 6.3.6
BuildNumber         : 8085122
Credential          : System.Management.Automation.PSCredential
Server              : 10.19.249.20
Port                : 443
Protocol            : https
ValidateCertificate : False
VIConnection        : 10.19.249.9
DebugLogging        : False
DebugLogfile        : C:\Users\EREEN~1.THA\AppData\Local\Temp\16\PowerNSXLog-admin@10.19.249.20-2019_10_31_12_55_52.log

10/31/2019 12:55:52 PM [PESG] : PowerNSX connected to the NSX manager
PS>TerminatingError(): "The pipeline has been stopped."
>> TerminatingError(): "The pipeline has been stopped."
>> TerminatingError(): "The pipeline has been stopped."
>> TerminatingError(): "The pipeline has been stopped."
>> TerminatingError(): "The pipeline has been stopped."
>> TerminatingError(): "The pipeline has been stopped."
