**********************
Windows PowerShell transcript start
Start time: 20191105190053
Username: EQ1ADM\mhammad.DCO
RunAs User: EQ1ADM\mhammad.DCO
Machine: VNUINFRATOOL01 (Microsoft Windows NT 6.3.9600.0)
Host Application: C:\Windows\System32\WindowsPowerShell\v1.0\powershell.exe
Process ID: 6512
PSVersion: 5.1.14409.1018
PSEdition: Desktop
PSCompatibleVersions: 1.0, 2.0, 3.0, 4.0, 5.0, 5.1.14409.1018
BuildVersion: 10.0.14409.1018
CLRVersion: 4.0.30319.42000
WSManStackVersion: 3.0
PSRemotingProtocolVersion: 2.3
SerializationVersion: 1.1.0.1
**********************
11/5/2019 7:00:53 PM [Main] : Script version: v1.0.1
11/5/2019 7:00:53 PM [Main] : ImportModule ConvertTo-IPv4MaskString.ps1
11/5/2019 7:00:53 PM [Main] : ImportModule Debug-Functions.ps1
11/5/2019 7:00:53 PM [Main] : ImportModule Exit-function.ps1
11/5/2019 7:00:53 PM [Main] : ImportModule Get-Inifile.ps1
11/5/2019 7:00:53 PM [Main] : ImportModule Get-ScriptVersion.ps1
11/5/2019 7:00:53 PM [Main] : ImportModule NSX-Functions.ps1
11/5/2019 7:00:53 PM [Main] : ImportModule VCD-functions.ps1
11/5/2019 7:00:53 PM [Main] : Import customer file D:\Scripts\OCBOPS\fca-customer-creation\Customers-info\FCA_SE_CUST_TEMPLATE.xml
11/5/2019 7:00:53 PM [Main] : Site Name  FCA_VDR
11/5/2019 7:00:53 PM [Main] : Import site file D:\Scripts\OCBOPS\fca-customer-creation\SiteInfo\FCA_VDR.ini
11/5/2019 7:00:53 PM [Main]
11/5/2019 7:00:53 PM [VCD] : Script version: v2.0.7
11/5/2019 7:00:53 PM [VCD] : PowerCli connection to vCenter : 10.19.249.9

Name                           Port  User
----                           ----  ----
10.19.249.9                    443   VSPHERE.LOCAL\onboarding
11/5/2019 7:00:55 PM [VCD] : PowerCli connected to vCenter
11/5/2019 7:00:55 PM [VCD] : The Site FCA_VDR is selected
11/5/2019 7:00:55 PM [VCD] : The API URL api-3.flexible-computing-advanced.orange-business.com is selected
11/5/2019 7:00:55 PM [VCD] : The API Version 27.0 is selected
PS>TerminatingError(Add-Type): "Cannot add type. The type name 'TrustAllCertsPolicy' already exists."
add-type : Cannot add type. The type name 'TrustAllCertsPolicy' already exists.
At D:\Scripts\OCBOPS\fca-customer-creation\Modules\VCD-functions.ps1:9 char:4
+             add-type @"
+             ~~~~~~~~~~~
    + CategoryInfo          : InvalidOperation: (TrustAllCertsPolicy:String) [Add-Type], Exception
    + FullyQualifiedErrorId : TYPE_ALREADY_EXISTS,Microsoft.PowerShell.Commands.AddTypeCommand
add-type : Cannot add type. The type name 'TrustAllCertsPolicy' already exists.
At D:\Scripts\OCBOPS\fca-customer-creation\Modules\VCD-functions.ps1:9 char:4
+             add-type @"
+             ~~~~~~~~~~~
    + CategoryInfo          : InvalidOperation: (TrustAllCertsPolicy:String) [Add-Type], Exception
    + FullyQualifiedErrorId : TYPE_ALREADY_EXISTS,Microsoft.PowerShell.Commands.AddTypeCommand

11/5/2019 7:00:55 PM [VCD] : Authenticating FCA_SE@system against api-3.flexible-computing-advanced.orange-business.com
11/5/2019 7:00:55 PM [VCD] : User FCA_SE@system authenticated
11/5/2019 7:02:13 PM [VCD][ExternalNetwork] : Import XML file D:\Scripts\OCBOPS\fca-customer-creation\Templates\ExternalNetwork.xml
11/5/2019 7:02:15 PM [VCD][ExternalNetwork] : Updating XML ADMIN External Network file
11/5/2019 7:02:16 PM [VCD][ExternalNetwork] : Admin External Network already exist:FCA_VDR_Automation_Test_ADMIN_INTERCO_vCDESG_S1
11/5/2019 7:02:18 PM [VCD][ExternalNetwork] : Updating INET External Network   XML file
11/5/2019 7:02:18 PM [VCD][ExternalNetwork] : Inet External Network already exist:FCA_VDR_Automation_Test_INET_INTERCO_vCDESG_S1
11/5/2019 7:02:18 PM [VCD][Org] : Get Org List
11/5/2019 7:02:18 PM [VCD][Org] : Import XML file D:\Scripts\OCBOPS\fca-customer-creation\Templates\OrgTemplate.xml
11/5/2019 7:02:18 PM [VCD][Org] : Creating Org :FCA_VDR_Automation_Test
11/5/2019 7:03:35 PM [VCD][OrgVDC] : Get Existing OrgVDC List
11/5/2019 7:03:35 PM [VCD][OrgVDC] : Import XML file D:\Scripts\OCBOPS\fca-customer-creation\Templates\OrgVDCTemplate.xml
11/5/2019 7:03:35 PM [VCD][OrgVDC] : Get PVDCs List
11/5/2019 7:03:41 PM [VCD][OrgVDC] : Get PVDC Info : PVDCNUVDRVCAN01
PS>TerminatingError(): "The pipeline has been stopped."
>> TerminatingError(): "The pipeline has been stopped."
>> TerminatingError(): "The pipeline has been stopped."
>> TerminatingError(): "The pipeline has been stopped."
>> TerminatingError(): "The pipeline has been stopped."
PS D:\Scripts\OCBOPS\fca-customer-creation> Stop-Transcript
**********************
Windows PowerShell transcript end
End time: 20191105190349
**********************
