**********************
Windows PowerShell transcript start
Start time: 20190924090522
Username: OCPINFRA\ereen.thabet
RunAs User: OCPINFRA\ereen.thabet
Machine: VNUINFRATOOL01 (Microsoft Windows NT 6.3.9600.0)
Host Application: C:\Windows\System32\WindowsPowerShell\v1.0\powershell.exe
Process ID: 20600
PSVersion: 5.1.14409.1018
PSEdition: Desktop
PSCompatibleVersions: 1.0, 2.0, 3.0, 4.0, 5.0, 5.1.14409.1018
BuildVersion: 10.0.14409.1018
CLRVersion: 4.0.30319.42000
WSManStackVersion: 3.0
PSRemotingProtocolVersion: 2.3
SerializationVersion: 1.1.0.1
**********************
9/24/2019 9:05:22 AM [Main] : Script version: v1.0.1
9/24/2019 9:05:22 AM [Main] : ImportModel ConvertTo-IPv4MaskString.ps1
9/24/2019 9:05:22 AM [Main] : ImportModel Debug-Functions.ps1
9/24/2019 9:05:22 AM [Main] : ImportModel Exit-function.ps1
9/24/2019 9:05:22 AM [Main] : ImportModel Get-Inifile.ps1
9/24/2019 9:05:22 AM [Main] : ImportModel Get-ScriptVersion.ps1
9/24/2019 9:05:22 AM [Main] : ImportModel NSX-Functions.ps1
9/24/2019 9:05:22 AM [Main] : ImportModel VCD-functions.ps1
9/24/2019 9:05:22 AM [Main] : Import customer file D:\Scripts\OCBOPS\fca-customer-creation\Customers-info\FCA_SE_CUST_TEMPLATE.xml
9/24/2019 9:05:22 AM [Main] : Site Name  FCA_VDR
9/24/2019 9:05:22 AM [Main] : Import site file D:\Scripts\OCBOPS\fca-customer-creation\Customers-info\FCA_VDR.ini
9/24/2019 9:05:22 AM [Main]
Import-module : The specified module 'D:\Scripts\OCBOPS\fca-customer-creation\Scripts\ExternalNetwork2.ps1' was not 
loaded because no valid module file was found in any module directory.
At D:\Scripts\OCBOPS\fca-customer-creation\Main.ps1:144 char:1
+ Import-module  D:\Scripts\OCBOPS\fca-customer-creation\Scripts\Extern ...
+ ~~~~~~~~~~~~~~~~~~~~~~~~~~~~~~~~~~~~~~~~~~~~~~~~~~~~~~~~~~~~~~~~~~~~~
    + CategoryInfo          : ResourceUnavailable: (D:\Scripts\OCBO...nalNetwork2.ps1:String) [Import-Module], 
FileNotFoundException
    + FullyQualifiedErrorId : Modules_ModuleNotFound,Microsoft.PowerShell.Commands.ImportModuleCommand
Import-module : The specified module 'D:\Scripts\OCBOPS\fca-customer-creation\Scripts\ExternalNetwork2.ps1' was not
loaded because no valid module file was found in any module directory.
At D:\Scripts\OCBOPS\fca-customer-creation\Main.ps1:144 char:1
+ Import-module  D:\Scripts\OCBOPS\fca-customer-creation\Scripts\Extern ...
+ ~~~~~~~~~~~~~~~~~~~~~~~~~~~~~~~~~~~~~~~~~~~~~~~~~~~~~~~~~~~~~~~~~~~~~
    + CategoryInfo          : ResourceUnavailable: (D:\Scripts\OCBO...nalNetwork2.ps1:String) [Import-Module], FileNot
   FoundException
    + FullyQualifiedErrorId : Modules_ModuleNotFound,Microsoft.PowerShell.Commands.ImportModuleCommand

9/24/2019 9:05:22 AM [Main]
**********************
Windows PowerShell transcript end
End time: 20190924090522
**********************
