**********************
Windows PowerShell transcript start
Start time: 20191101141009
Username: OCPINFRA\ereen.thabet
RunAs User: OCPINFRA\ereen.thabet
Machine: VNUINFRATOOL01 (Microsoft Windows NT 6.3.9600.0)
Host Application: C:\Windows\System32\WindowsPowerShell\v1.0\powershell.exe
Process ID: 34728
PSVersion: 5.1.14409.1018
PSEdition: Desktop
PSCompatibleVersions: 1.0, 2.0, 3.0, 4.0, 5.0, 5.1.14409.1018
BuildVersion: 10.0.14409.1018
CLRVersion: 4.0.30319.42000
WSManStackVersion: 3.0
PSRemotingProtocolVersion: 2.3
SerializationVersion: 1.1.0.1
**********************
11/1/2019 2:10:09 PM [Main] : Script version: v1.0.1
11/1/2019 2:10:09 PM [Main] : ImportModule ConvertTo-IPv4MaskString.ps1
11/1/2019 2:10:09 PM [Main] : ImportModule Debug-Functions.ps1
11/1/2019 2:10:09 PM [Main] : ImportModule Exit-function.ps1
11/1/2019 2:10:09 PM [Main] : ImportModule Get-Inifile.ps1
11/1/2019 2:10:09 PM [Main] : ImportModule Get-ScriptVersion.ps1
11/1/2019 2:10:09 PM [Main] : ImportModule NSX-Functions.ps1
11/1/2019 2:10:09 PM [Main] : ImportModule VCD-functions.ps1
11/1/2019 2:10:09 PM [Main] : Import customer file D:\Scripts\OCBOPS\fca-customer-creation\Customers-info\FCA_SE_CUST_TEMPLATE2.xml
11/1/2019 2:10:09 PM [Main] : Site Name  FCA_VDR
11/1/2019 2:10:09 PM [Main] : Import site file D:\Scripts\OCBOPS\fca-customer-creation\Customers-info\FCA_VDR.ini
11/1/2019 2:10:09 PM [Main]
11/1/2019 2:10:09 PM [ExtNetwork] : Script version: v1.0.1
11/1/2019 2:10:09 PM [ExtNetwork] : PowerCli connection to vCenter : 10.19.249.9

Name                           Port  User
----                           ----  ----
10.19.249.9                    443   VSPHERE.LOCAL\onboarding
11/1/2019 2:10:10 PM [ExtNetwork] : PowerCli connected to vCenter
11/1/2019 2:10:10 PM [ExtNetwork] : The Site FCA_VDR is selected
11/1/2019 2:10:10 PM [ExtNetwork] : The API URL api-3.flexible-computing-advanced.orange-business.com is selected
11/1/2019 2:10:10 PM [ExtNetwork] : The API Version 27.0 is selected
11/1/2019 2:10:10 PM [ExtNetwork] : Authenticating FCA_SE@system against api-3.flexible-computing-advanced.orange-business.com
11/1/2019 2:10:11 PM [ExtNetwork] : User FCA_SE@system authenticated
11/1/2019 2:11:05 PM [ExtNetwork] : Import XML file D:\Scripts\OCBOPS\fca-customer-creation\Templates\ExternalNetwork.xml
11/1/2019 2:11:07 PM [ExtNetwork] : Updating XML ADMIN External Network file
11/1/2019 2:11:07 PM [ExtNetwork] : Creating Admin External Network :FCA_VDR_Automation_Test_ADMIN_INTERCO_vCDESG_S1
11/1/2019 2:11:07 PM [ExtNetwork] : Creating External Network :192.168.5.14 / 255.255.255.240
11/1/2019 2:11:17 PM [ExtNetwork] : Task submitted successfully, waiting for result
11/1/2019 2:11:17 PM [ExtNetwork] : Task running
11/1/2019 2:11:22 PM [ExtNetwork] : Task completed successfully
True
11/1/2019 2:11:24 PM [ExtNetwork] : Updating INET External Network   XML file
11/1/2019 2:11:24 PM [ExtNetwork] : Creating INET External Network :FCA_VDR_Automation_Test_INET_INTERCO_vCDESG_S1
11/1/2019 2:11:24 PM [ExtNetwork] : Creating INET External Network :100.64.102.254 / 255.255.255.0
11/1/2019 2:11:33 PM [ExtNetwork] : Task submitted successfully, waiting for result
11/1/2019 2:11:33 PM [ExtNetwork] : queued
11/1/2019 2:11:38 PM [ExtNetwork] : Task completed successfully
True
11/1/2019 2:11:38 PM [ExtNetwork] : Get Org List
11/1/2019 2:11:39 PM [ExtNetwork] : Import XML file D:\Scripts\OCBOPS\fca-customer-creation\Templates\OrgTemplate.xml
11/1/2019 2:11:39 PM [ExtNetwork] : Creating Org :FCA_VDR_Automation_Test
11/1/2019 2:11:40 PM [ExtNetwork] : Import XML file D:\Scripts\OCBOPS\fca-customer-creation\Templates\UserTemplate.xml
11/1/2019 2:11:40 PM [ExtNetwork] : Creating New User :System.Xml.XmlElement.Name
PS D:\Scripts\OCBOPS\fca-customer-creation> TerminatingError(Invoke-RestMethod): "The remote server returned an error: (403) Forbidden."
WARNING: Invoke-vCloud Exception: The remote server returned an error: (403) Forbidden.
11/1/2019 2:11:40 PM [ExtNetwork] : Import XML file D:\Scripts\OCBOPS\fca-customer-creation\Templates\UserTemplate.xml
11/1/2019 2:11:40 PM [ExtNetwork] : Creating New User :System.Xml.XmlElement.Name
PS D:\Scripts\OCBOPS\fca-customer-creation> TerminatingError(Invoke-RestMethod): "The remote server returned an error: (403) Forbidden."
WARNING: Invoke-vCloud Exception: The remote server returned an error: (403) Forbidden.
11/1/2019 2:11:40 PM [ExtNetwork] : Get Existing OrgVDC List
11/1/2019 2:11:40 PM [ExtNetwork] : Import XML file D:\Scripts\OCBOPS\fca-customer-creation\Templates\OrgVDCTemplate.xml
11/1/2019 2:11:40 PM [ExtNetwork] : Get PVDCs List
11/1/2019 2:11:47 PM [ExtNetwork] : Get PVDC Info : PVDCNUVDRVCAN01
11/1/2019 2:12:17 PM [ExtNetwork] : Creating OrgVDC :OrgVDC1
4db5ff26-77be-4310-9109-4b389a5085f7
11/1/2019 2:12:18 PM [ExtNetwork] : Task submitted successfully, waiting for result
11/1/2019 2:12:18 PM [ExtNetwork] : Task running
11/1/2019 2:12:23 PM [ExtNetwork] : Task running
11/1/2019 2:12:28 PM [ExtNetwork] : Task running
11/1/2019 2:12:33 PM [ExtNetwork] : Task running
11/1/2019 2:12:38 PM [ExtNetwork] : Task running
11/1/2019 2:12:43 PM [ExtNetwork] : Task completed successfully
11/1/2019 2:12:43 PM [ExtNetwork] : Task Status:True
11/1/2019 2:12:43 PM [ExtNetwork] : Import XML file D:\Scripts\OCBOPS\fca-customer-creation\Templates\OrgVDCEdgeTemplate.xml
11/1/2019 2:13:33 PM [ExtNetwork] : Task submitted successfully, waiting for result
11/1/2019 2:13:33 PM [ExtNetwork] : queued
11/1/2019 2:13:38 PM [ExtNetwork] : Task running
11/1/2019 2:13:43 PM [ExtNetwork] : Task running
11/1/2019 2:13:48 PM [ExtNetwork] : Task running
11/1/2019 2:13:53 PM [ExtNetwork] : Task running
11/1/2019 2:13:58 PM [ExtNetwork] : Task running
11/1/2019 2:14:03 PM [ExtNetwork] : Task running
11/1/2019 2:14:08 PM [ExtNetwork] : Task running
11/1/2019 2:14:13 PM [ExtNetwork] : Task running
11/1/2019 2:14:18 PM [ExtNetwork] : Task running
11/1/2019 2:14:23 PM [ExtNetwork] : Task running
11/1/2019 2:14:28 PM [ExtNetwork] : Task running
11/1/2019 2:14:33 PM [ExtNetwork] : Task running
11/1/2019 2:14:38 PM [ExtNetwork] : Task running
11/1/2019 2:14:43 PM [ExtNetwork] : Task running
11/1/2019 2:14:48 PM [ExtNetwork] : Task running
11/1/2019 2:14:53 PM [ExtNetwork] : Task completed successfully
11/1/2019 2:14:53 PM [ExtNetwork] : Import XML file D:\Scripts\OCBOPS\fca-customer-creation\Templates\OrgVDCTemplate.xml
11/1/2019 2:14:53 PM [ExtNetwork] : Get PVDCs List
11/1/2019 2:14:58 PM [ExtNetwork] : Get PVDC Info : PVDCNUVDRVCAN01
PS D:\Scripts\OCBOPS\fca-customer-creation> TerminatingError(): "The pipeline has been stopped."
>> TerminatingError(): "The pipeline has been stopped."
>> TerminatingError(): "The pipeline has been stopped."
>> TerminatingError(): "The pipeline has been stopped."
>> TerminatingError(): "The pipeline has been stopped."
PS D:\Scripts\OCBOPS\fca-customer-creation> . .\Main.ps1
11/1/2019 3:49:10 PM = LOGS directory already exist
11/1/2019 3:49:10 PM [Main] : Script version: v1.0.1
11/1/2019 3:49:10 PM [Main] : ImportModule ConvertTo-IPv4MaskString.ps1
11/1/2019 3:49:10 PM [Main] : ImportModule Debug-Functions.ps1
11/1/2019 3:49:10 PM [Main] : ImportModule Exit-function.ps1
11/1/2019 3:49:10 PM [Main] : ImportModule Get-Inifile.ps1
11/1/2019 3:49:10 PM [Main] : ImportModule Get-ScriptVersion.ps1
11/1/2019 3:49:10 PM [Main] : ImportModule NSX-Functions.ps1
11/1/2019 3:49:10 PM [Main] : ImportModule VCD-functions.ps1
11/1/2019 3:49:10 PM [Main] : Import customer file D:\Scripts\OCBOPS\fca-customer-creation\Customers-info\FCA_SE_CUST_TEMPLATE2.xml
11/1/2019 3:49:10 PM [Main] : Site Name  FCA_VDR
11/1/2019 3:49:10 PM [Main] : Import site file D:\Scripts\OCBOPS\fca-customer-creation\Customers-info\FCA_VDR.ini
11/1/2019 3:49:10 PM [Main]
11/1/2019 3:49:10 PM [ExtNetwork] : Script version: v1.0.1
11/1/2019 3:49:10 PM [ExtNetwork] : PowerCli connection to vCenter : 10.19.249.9

Name                           Port  User
----                           ----  ----
10.19.249.9                    443   VSPHERE.LOCAL\onboarding
11/1/2019 3:49:12 PM [ExtNetwork] : PowerCli connected to vCenter
11/1/2019 3:49:12 PM [ExtNetwork] : The Site FCA_VDR is selected
11/1/2019 3:49:12 PM [ExtNetwork] : The API URL api-3.flexible-computing-advanced.orange-business.com is selected
11/1/2019 3:49:12 PM [ExtNetwork] : The API Version 27.0 is selected
11/1/2019 3:49:12 PM [ExtNetwork] : Authenticating FCA_SE@system against api-3.flexible-computing-advanced.orange-business.com
11/1/2019 3:49:12 PM [ExtNetwork] : User FCA_SE@system authenticated
11/1/2019 3:49:12 PM [ExtNetwork] : Get Org List
11/1/2019 3:49:12 PM [ExtNetwork] : Import XML file D:\Scripts\OCBOPS\fca-customer-creation\Templates\OrgTemplate.xml
11/1/2019 3:49:12 PM [ExtNetwork] : Creating Org :FCA_VDR_Automation_Test
11/1/2019 3:49:13 PM [ExtNetwork] : Import XML file D:\Scripts\OCBOPS\fca-customer-creation\Templates\UserTemplate.xml
11/1/2019 3:49:13 PM [ExtNetwork] : Creating New User :System.Xml.XmlElement.Name
PS D:\Scripts\OCBOPS\fca-customer-creation> TerminatingError(Invoke-RestMethod): "The remote server returned an error: (403) Forbidden."
WARNING: Invoke-vCloud Exception: The remote server returned an error: (403) Forbidden.
11/1/2019 3:49:13 PM [ExtNetwork] : Import XML file D:\Scripts\OCBOPS\fca-customer-creation\Templates\UserTemplate.xml
11/1/2019 3:49:13 PM [ExtNetwork] : Creating New User :System.Xml.XmlElement.Name
PS D:\Scripts\OCBOPS\fca-customer-creation> TerminatingError(Invoke-RestMethod): "The remote server returned an error: (403) Forbidden."
WARNING: Invoke-vCloud Exception: The remote server returned an error: (403) Forbidden.
11/1/2019 3:49:13 PM [ExtNetwork] : Get Existing OrgVDC List
11/1/2019 3:49:13 PM [ExtNetwork] : Import XML file D:\Scripts\OCBOPS\fca-customer-creation\Templates\OrgVDCTemplate.xml
11/1/2019 3:49:13 PM [ExtNetwork] : Get PVDCs List
11/1/2019 3:49:19 PM [ExtNetwork] : Get PVDC Info : PVDCNUVDRVCAN01
11/1/2019 3:49:39 PM [ExtNetwork] : Creating OrgVDC :OrgVDC1
418b6702-2a5f-45e3-a23d-65e87d492999
11/1/2019 3:49:39 PM [ExtNetwork] : Task submitted successfully, waiting for result
11/1/2019 3:49:39 PM [ExtNetwork] : queued
11/1/2019 3:49:44 PM [ExtNetwork] : Task running
11/1/2019 3:49:49 PM [ExtNetwork] : Task running
11/1/2019 3:49:54 PM [ExtNetwork] : Task running
11/1/2019 3:49:59 PM [ExtNetwork] : Task completed successfully
11/1/2019 3:49:59 PM [ExtNetwork] : Task Status:True
11/1/2019 3:49:59 PM [ExtNetwork] : Import XML file D:\Scripts\OCBOPS\fca-customer-creation\Templates\OrgVDCEdgeTemplate.xml
11/1/2019 3:50:54 PM [ExtNetwork] : Task submitted successfully, waiting for result
11/1/2019 3:50:54 PM [ExtNetwork] : queued
11/1/2019 3:50:59 PM [ExtNetwork] : Task running
11/1/2019 3:51:04 PM [ExtNetwork] : Task running
11/1/2019 3:51:09 PM [ExtNetwork] : Task running
11/1/2019 3:51:14 PM [ExtNetwork] : Task running
11/1/2019 3:51:19 PM [ExtNetwork] : Task running
11/1/2019 3:51:24 PM [ExtNetwork] : Task running
11/1/2019 3:51:29 PM [ExtNetwork] : Task running
11/1/2019 3:51:34 PM [ExtNetwork] : Task running
11/1/2019 3:51:39 PM [ExtNetwork] : Task running
11/1/2019 3:51:44 PM [ExtNetwork] : Task running
11/1/2019 3:51:49 PM [ExtNetwork] : Task running
11/1/2019 3:51:54 PM [ExtNetwork] : Task running
11/1/2019 3:51:59 PM [ExtNetwork] : Task running
11/1/2019 3:52:04 PM [ExtNetwork] : Task running
11/1/2019 3:52:09 PM [ExtNetwork] : Task running
11/1/2019 3:52:14 PM [ExtNetwork] : Task running
11/1/2019 3:52:19 PM [ExtNetwork] : Task completed successfully
11/1/2019 3:52:19 PM [ExtNetwork] : Import XML file D:\Scripts\OCBOPS\fca-customer-creation\Templates\OrgVDCTemplate.xml
11/1/2019 3:52:19 PM [ExtNetwork] : Get PVDCs List
11/1/2019 3:52:25 PM [ExtNetwork] : Get PVDC Info : PVDCNUVDRVCAN01
PS D:\Scripts\OCBOPS\fca-customer-creation> TerminatingError(): "The pipeline has been stopped."
>> TerminatingError(): "The pipeline has been stopped."
>> TerminatingError(): "The pipeline has been stopped."
>> TerminatingError(): "The pipeline has been stopped."
>> TerminatingError(): "The pipeline has been stopped."
PS D:\Scripts\OCBOPS\fca-customer-creation> $InetExternalNetwork.href
https://3.flexible-computing-advanced.orange-business.com/api/admin/extension/externalnet/aca88679-1013-4adc-83f8-689057a34f1d
PS D:\Scripts\OCBOPS\fca-customer-creation> . .\Main.ps1
11/1/2019 4:52:13 PM = LOGS directory already exist
11/1/2019 4:52:13 PM [Main] : Script version: v1.0.1
11/1/2019 4:52:13 PM [Main] : ImportModule ConvertTo-IPv4MaskString.ps1
11/1/2019 4:52:13 PM [Main] : ImportModule Debug-Functions.ps1
11/1/2019 4:52:13 PM [Main] : ImportModule Exit-function.ps1
11/1/2019 4:52:13 PM [Main] : ImportModule Get-Inifile.ps1
11/1/2019 4:52:13 PM [Main] : ImportModule Get-ScriptVersion.ps1
11/1/2019 4:52:13 PM [Main] : ImportModule NSX-Functions.ps1
11/1/2019 4:52:13 PM [Main] : ImportModule VCD-functions.ps1
11/1/2019 4:52:13 PM [Main] : Import customer file D:\Scripts\OCBOPS\fca-customer-creation\Customers-info\FCA_SE_CUST_TEMPLATE2.xml
11/1/2019 4:52:13 PM [Main] : Site Name  FCA_VDR
11/1/2019 4:52:13 PM [Main] : Import site file D:\Scripts\OCBOPS\fca-customer-creation\Customers-info\FCA_VDR.ini
11/1/2019 4:52:13 PM [Main]
11/1/2019 4:52:13 PM [ExtNetwork] : Script version: v1.0.1
11/1/2019 4:52:13 PM [ExtNetwork] : PowerCli connection to vCenter : 10.19.249.9

Name                           Port  User
----                           ----  ----
10.19.249.9                    443   VSPHERE.LOCAL\onboarding
11/1/2019 4:52:15 PM [ExtNetwork] : PowerCli connected to vCenter
11/1/2019 4:52:15 PM [ExtNetwork] : The Site FCA_VDR is selected
11/1/2019 4:52:15 PM [ExtNetwork] : The API URL api-3.flexible-computing-advanced.orange-business.com is selected
11/1/2019 4:52:15 PM [ExtNetwork] : The API Version 27.0 is selected
11/1/2019 4:52:15 PM [ExtNetwork] : Authenticating FCA_SE@system against api-3.flexible-computing-advanced.orange-business.com
11/1/2019 4:52:15 PM [ExtNetwork] : User FCA_SE@system authenticated
11/1/2019 4:52:15 PM [ExtNetwork] : Get Org List
11/1/2019 4:52:15 PM [ExtNetwork] : Org already exist :FCA_VDR_Automation_Test
11/1/2019 4:52:15 PM [ExtNetwork] : Get existing one :FCA_VDR_Automation_Test
PS D:\Scripts\OCBOPS\fca-customer-creation> TerminatingError(): "The pipeline has been stopped."
>> TerminatingError(): "The pipeline has been stopped."
>> TerminatingError(): "The pipeline has been stopped."
>> TerminatingError(): "The pipeline has been stopped."
PS D:\Scripts\OCBOPS\fca-customer-creation> $Customer.customer.OrgVDCs.OrgVDC


name            : OrgVDC1
ProviderVDC     : PVDCNUVDRVCAN01
AllocationModel : AllocationPool
StorageProfile  : StorageProfile
cpu             : cpu
Memory          : Memory
NetoworkDigram  : Stander/Mutli
Description     : OrgVDC Description
Edges           : Edges
OrgNetworks     : OrgNetworks

name            : OrgVDC2
ProviderVDC     : PVDCNUVDRVCAN01
AllocationModel : AllocationPool
StorageProfile  : StorageProfile
cpu             : cpu
Memory          : Memory
NetoworkDigram  : Stander/Mutli
Description     : OrgVDC Description



PS D:\Scripts\OCBOPS\fca-customer-creation> $Customer.customer.OrgVDCs.OrgVDC


name            : OrgVDC1
ProviderVDC     : PVDCNUVDRVCAN01
AllocationModel : AllocationPool
StorageProfile  : StorageProfile
cpu             : cpu
Memory          : Memory
NetoworkDigram  : Stander/Mutli
Description     : OrgVDC Description
Edges           : Edges
OrgNetworks     : OrgNetworks

name            : OrgVDC2
ProviderVDC     : PVDCNUVDRVCAN01
AllocationModel : AllocationPool
StorageProfile  : StorageProfile
cpu             : cpu
Memory          : Memory
NetoworkDigram  : Stander/Mutli
Description     : OrgVDC Description



PS D:\Scripts\OCBOPS\fca-customer-creation> $Customer.customer.OrgVDCs.OrgVDC.rgNetworks
PS D:\Scripts\OCBOPS\fca-customer-creation> $Customer.customer.OrgVDCs.OrgVDC.OrgNetworks

OrgNetwork
----------
OrgNetwork


PS D:\Scripts\OCBOPS\fca-customer-creation> $Customer.customer.OrgVDCs.OrgVDC.OrgNetworks.OrgNetwork

name             type
----             ----
Admin_OrgNetwork AdminDirect


PS D:\Scripts\OCBOPS\fca-customer-creation> $OrgNetworksList= $Customer.customer.OrgVDCs.OrgVDC.OrgNetworks.OrgNetwork
PS D:\Scripts\OCBOPS\fca-customer-creation> $OrgNetworksList

name             type
----             ----
Admin_OrgNetwork AdminDirect


PS D:\Scripts\OCBOPS\fca-customer-creation> Foreach ( $OrgNetwork in $OrgNetworksList  ){
  $OrgNetwork_Name = $OrgNetwork.name
  $OrgNetwork_Name
}
Admin_OrgNetwork
PS D:\Scripts\OCBOPS\fca-customer-creation> $responseExtnetworkInfo.VMWExternalNetwork.Configuration.IpScopes.IpScope.Gateway
100.64.102.254
PS D:\Scripts\OCBOPS\fca-customer-creation> $responseExtnetworkInfo.VMWExternalNetwork.Configuration.IpScopes.IpScope


IsInherited        : false
Gateway            : 100.64.102.254
Netmask            : 255.255.255.0
SubnetPrefixLength : 24
IsEnabled          : true
IpRanges           : IpRanges
SubAllocations     :



PS D:\Scripts\OCBOPS\fca-customer-creation> $responseExtnetworkInfo.VMWExternalNetwork.Configuration.IpScopes.IpScope.IpRanges

IpRange
-------
IpRange


PS D:\Scripts\OCBOPS\fca-customer-creation> $responseExtnetworkInfo.VMWExternalNetwork.Configuration.IpScopes.IpScope.IpRanges.IpRange

StartAddress EndAddress
------------ ----------
100.64.102.1 100.64.102.253


PS D:\Scripts\OCBOPS\fca-customer-creation> $responseExtnetworkInfo.VMWExternalNetwork.Configuration.IpScopes.IpScope.IpRanges.IpRange.StartAddress
100.64.102.1
PS D:\Scripts\OCBOPS\fca-customer-creation> $responseExtnetworkInfo.VMWExternalNetwork.Configuration.IpScopes.IpScope.IpRanges.IpRange.EndAddress
100.64.102.253
PS D:\Scripts\OCBOPS\fca-customer-creation> $InetExternalNetwork = $responseExtnetworks.VMWExternalNetworkReferences.ExternalNetworkReference  | where {$_.Name -eq  $AdminExtNetName }
PS D:\Scripts\OCBOPS\fca-customer-creation> TerminatingError(TabExpansion2): "Cannot bind argument to parameter 'inputScript' because it is an empty string."
PS D:\Scripts\OCBOPS\fca-customer-creation> TerminatingError(TabExpansion2): "Cannot bind argument to parameter 'inputScript' because it is an empty string."
PS D:\Scripts\OCBOPS\fca-customer-creation> TerminatingError(TabExpansion2): "Cannot bind argument to parameter 'inputScript' because it is an empty string."
PS D:\Scripts\OCBOPS\fca-customer-creation> TerminatingError(TabExpansion2): "Cannot bind argument to parameter 'inputScript' because it is an empty string."
PS D:\Scripts\OCBOPS\fca-customer-creation> TerminatingError(TabExpansion2): "Cannot bind argument to parameter 'inputScript' because it is an empty string."
PS D:\Scripts\OCBOPS\fca-customer-creation> TerminatingError(TabExpansion2): "Cannot bind argument to parameter 'inputScript' because it is an empty string."
PS D:\Scripts\OCBOPS\fca-customer-creation> TerminatingError(TabExpansion2): "Cannot bind argument to parameter 'inputScript' because it is an empty string."
PS D:\Scripts\OCBOPS\fca-customer-creation> $InetExternalNetworkHref = $InetExternalNetwork.href
PS D:\Scripts\OCBOPS\fca-customer-creation> TerminatingError(TabExpansion2): "Cannot bind argument to parameter 'inputScript' because it is an empty string."
PS D:\Scripts\OCBOPS\fca-customer-creation> TerminatingError(TabExpansion2): "Cannot bind argument to parameter 'inputScript' because it is an empty string."
PS D:\Scripts\OCBOPS\fca-customer-creation> TerminatingError(TabExpansion2): "Cannot bind argument to parameter 'inputScript' because it is an empty string."
PS D:\Scripts\OCBOPS\fca-customer-creation> TerminatingError(TabExpansion2): "Cannot bind argument to parameter 'inputScript' because it is an empty string."
PS D:\Scripts\OCBOPS\fca-customer-creation> TerminatingError(TabExpansion2): "Cannot bind argument to parameter 'inputScript' because it is an empty string."
PS D:\Scripts\OCBOPS\fca-customer-creation> TerminatingError(TabExpansion2): "Cannot bind argument to parameter 'inputScript' because it is an empty string."
PS D:\Scripts\OCBOPS\fca-customer-creation> TerminatingError(TabExpansion2): "Cannot bind argument to parameter 'inputScript' because it is an empty string."
PS D:\Scripts\OCBOPS\fca-customer-creation> $responseExtnetworkInfo=Invoke-RestMethod -Uri $InetExternalNetworkHref -Headers $headers -Method GET
PS D:\Scripts\OCBOPS\fca-customer-creation> TerminatingError(TabExpansion2): "Cannot bind argument to parameter 'inputScript' because it is an empty string."
PS D:\Scripts\OCBOPS\fca-customer-creation> TerminatingError(TabExpansion2): "Cannot bind argument to parameter 'inputScript' because it is an empty string."
PS D:\Scripts\OCBOPS\fca-customer-creation> TerminatingError(TabExpansion2): "Cannot bind argument to parameter 'inputScript' because it is an empty string."
PS D:\Scripts\OCBOPS\fca-customer-creation> TerminatingError(TabExpansion2): "Cannot bind argument to parameter 'inputScript' because it is an empty string."
PS D:\Scripts\OCBOPS\fca-customer-creation> TerminatingError(TabExpansion2): "Cannot bind argument to parameter 'inputScript' because it is an empty string."
PS D:\Scripts\OCBOPS\fca-customer-creation> TerminatingError(TabExpansion2): "Cannot bind argument to parameter 'inputScript' because it is an empty string."
PS D:\Scripts\OCBOPS\fca-customer-creation> TerminatingError(TabExpansion2): "Cannot bind argument to parameter 'inputScript' because it is an empty string."
PS D:\Scripts\OCBOPS\fca-customer-creation> $OrgNetwork_Gateway = $responseExtnetworkInfo.VMWExternalNetwork.Configuration.IpScopes.IpScope.Gateway
PS D:\Scripts\OCBOPS\fca-customer-creation> TerminatingError(TabExpansion2): "Cannot bind argument to parameter 'inputScript' because it is an empty string."
PS D:\Scripts\OCBOPS\fca-customer-creation> TerminatingError(TabExpansion2): "Cannot bind argument to parameter 'inputScript' because it is an empty string."
PS D:\Scripts\OCBOPS\fca-customer-creation> TerminatingError(TabExpansion2): "Cannot bind argument to parameter 'inputScript' because it is an empty string."
PS D:\Scripts\OCBOPS\fca-customer-creation> TerminatingError(TabExpansion2): "Cannot bind argument to parameter 'inputScript' because it is an empty string."
PS D:\Scripts\OCBOPS\fca-customer-creation> TerminatingError(TabExpansion2): "Cannot bind argument to parameter 'inputScript' because it is an empty string."
PS D:\Scripts\OCBOPS\fca-customer-creation> TerminatingError(TabExpansion2): "Cannot bind argument to parameter 'inputScript' because it is an empty string."
PS D:\Scripts\OCBOPS\fca-customer-creation> TerminatingError(TabExpansion2): "Cannot bind argument to parameter 'inputScript' because it is an empty string."
PS D:\Scripts\OCBOPS\fca-customer-creation> $OrgNetwork_Netmask  = $responseExtnetworkInfo.VMWExternalNetwork.Configuration.IpScopes.IpScope.Netmask
PS D:\Scripts\OCBOPS\fca-customer-creation> TerminatingError(TabExpansion2): "Cannot bind argument to parameter 'inputScript' because it is an empty string."
PS D:\Scripts\OCBOPS\fca-customer-creation> TerminatingError(TabExpansion2): "Cannot bind argument to parameter 'inputScript' because it is an empty string."
PS D:\Scripts\OCBOPS\fca-customer-creation> TerminatingError(TabExpansion2): "Cannot bind argument to parameter 'inputScript' because it is an empty string."
PS D:\Scripts\OCBOPS\fca-customer-creation> TerminatingError(TabExpansion2): "Cannot bind argument to parameter 'inputScript' because it is an empty string."
PS D:\Scripts\OCBOPS\fca-customer-creation> TerminatingError(TabExpansion2): "Cannot bind argument to parameter 'inputScript' because it is an empty string."
PS D:\Scripts\OCBOPS\fca-customer-creation> TerminatingError(TabExpansion2): "Cannot bind argument to parameter 'inputScript' because it is an empty string."
PS D:\Scripts\OCBOPS\fca-customer-creation> TerminatingError(TabExpansion2): "Cannot bind argument to parameter 'inputScript' because it is an empty string."
PS D:\Scripts\OCBOPS\fca-customer-creation> $OrgNetwork_StartAddress =  $responseExtnetworkInfo.VMWExternalNetwork.Configuration.IpScopes.IpScope.IpRanges.IpRange.StartAddress
PS D:\Scripts\OCBOPS\fca-customer-creation> TerminatingError(TabExpansion2): "Cannot bind argument to parameter 'inputScript' because it is an empty string."
PS D:\Scripts\OCBOPS\fca-customer-creation> TerminatingError(TabExpansion2): "Cannot bind argument to parameter 'inputScript' because it is an empty string."
PS D:\Scripts\OCBOPS\fca-customer-creation> TerminatingError(TabExpansion2): "Cannot bind argument to parameter 'inputScript' because it is an empty string."
PS D:\Scripts\OCBOPS\fca-customer-creation> TerminatingError(TabExpansion2): "Cannot bind argument to parameter 'inputScript' because it is an empty string."
PS D:\Scripts\OCBOPS\fca-customer-creation> TerminatingError(TabExpansion2): "Cannot bind argument to parameter 'inputScript' because it is an empty string."
PS D:\Scripts\OCBOPS\fca-customer-creation> TerminatingError(TabExpansion2): "Cannot bind argument to parameter 'inputScript' because it is an empty string."
PS D:\Scripts\OCBOPS\fca-customer-creation> TerminatingError(TabExpansion2): "Cannot bind argument to parameter 'inputScript' because it is an empty string."
PS D:\Scripts\OCBOPS\fca-customer-creation> $OrgNetwork_EndAddress =  $responseExtnetworkInfo.VMWExternalNetwork.Configuration.IpScopes.IpScope.IpRanges.IpRange.EndAddress
PS D:\Scripts\OCBOPS\fca-customer-creation> TerminatingError(TabExpansion2): "Cannot bind argument to parameter 'inputScript' because it is an empty string."
PS D:\Scripts\OCBOPS\fca-customer-creation> TerminatingError(TabExpansion2): "Cannot bind argument to parameter 'inputScript' because it is an empty string."
PS D:\Scripts\OCBOPS\fca-customer-creation> TerminatingError(TabExpansion2): "Cannot bind argument to parameter 'inputScript' because it is an empty string."
PS D:\Scripts\OCBOPS\fca-customer-creation> TerminatingError(TabExpansion2): "Cannot bind argument to parameter 'inputScript' because it is an empty string."
PS D:\Scripts\OCBOPS\fca-customer-creation> TerminatingError(TabExpansion2): "Cannot bind argument to parameter 'inputScript' because it is an empty string."
PS D:\Scripts\OCBOPS\fca-customer-creation> TerminatingError(TabExpansion2): "Cannot bind argument to parameter 'inputScript' because it is an empty string."
PS D:\Scripts\OCBOPS\fca-customer-creation> TerminatingError(TabExpansion2): "Cannot bind argument to parameter 'inputScript' because it is an empty string."
PS D:\Scripts\OCBOPS\fca-customer-creation> $OrgNetwork_Gateway
192.168.5.14
PS D:\Scripts\OCBOPS\fca-customer-creation> $OrgNetwork_Netmask
255.255.255.240
PS D:\Scripts\OCBOPS\fca-customer-creation> $OrgNetwork_EndAddress
192.168.5.13
PS D:\Scripts\OCBOPS\fca-customer-creation> $InetExternalNetworkHref
https://3.flexible-computing-advanced.orange-business.com/api/admin/extension/externalnet/c459d578-3201-46ee-8a37-437bdc230efe
PS D:\Scripts\OCBOPS\fca-customer-creation> $responseExtnetworks=Invoke-RestMethod -Uri $ExtnetworksURL -Headers $headers -Method GET
>> TerminatingError(): "The pipeline has been stopped."
>> TerminatingError(): "The pipeline has been stopped."
PS D:\Scripts\OCBOPS\fca-customer-creation> $AdminExternalNetwork = $responseExtnetworks.VMWExternalNetworkReferences.ExternalNetworkReference  | where {$_.Name -eq  $AdminExtNetName }
PS D:\Scripts\OCBOPS\fca-customer-creation> $AdminExternalNetwork = $responseExtnetworks.VMWExternalNetworkReferences.ExternalNetworkReference  | where {$_.Name -eq  $AdminExtNetName }
PS D:\Scripts\OCBOPS\fca-customer-creation> $AdminExternalNetworkHref = $AdminExternalNetwork.href
PS D:\Scripts\OCBOPS\fca-customer-creation> $AdminExternalNetworkHref
https://3.flexible-computing-advanced.orange-business.com/api/admin/extension/externalnet/c459d578-3201-46ee-8a37-437bdc230efe
PS D:\Scripts\OCBOPS\fca-customer-creation>  $AdminExternalNetwork.anme
PS D:\Scripts\OCBOPS\fca-customer-creation>  $AdminExternalNetwork.name
FCA_VDR_Automation_Test_ADMIN_INTERCO_vCDESG_S1
PS D:\Scripts\OCBOPS\fca-customer-creation> $responseExtnetworkInfo=Invoke-RestMethod -Uri $AdminExternalNetworkHref -Headers $headers -Method GET
PS D:\Scripts\OCBOPS\fca-customer-creation> TerminatingError(TabExpansion2): "Cannot bind argument to parameter 'inputScript' because it is an empty string."
PS D:\Scripts\OCBOPS\fca-customer-creation> TerminatingError(TabExpansion2): "Cannot bind argument to parameter 'inputScript' because it is an empty string."
PS D:\Scripts\OCBOPS\fca-customer-creation> TerminatingError(TabExpansion2): "Cannot bind argument to parameter 'inputScript' because it is an empty string."
PS D:\Scripts\OCBOPS\fca-customer-creation> TerminatingError(TabExpansion2): "Cannot bind argument to parameter 'inputScript' because it is an empty string."
PS D:\Scripts\OCBOPS\fca-customer-creation> TerminatingError(TabExpansion2): "Cannot bind argument to parameter 'inputScript' because it is an empty string."
PS D:\Scripts\OCBOPS\fca-customer-creation> TerminatingError(TabExpansion2): "Cannot bind argument to parameter 'inputScript' because it is an empty string."
PS D:\Scripts\OCBOPS\fca-customer-creation> TerminatingError(TabExpansion2): "Cannot bind argument to parameter 'inputScript' because it is an empty string."
PS D:\Scripts\OCBOPS\fca-customer-creation> $OrgNetwork_Gateway = $responseExtnetworkInfo.VMWExternalNetwork.Configuration.IpScopes.IpScope.Gateway
PS D:\Scripts\OCBOPS\fca-customer-creation> TerminatingError(TabExpansion2): "Cannot bind argument to parameter 'inputScript' because it is an empty string."
PS D:\Scripts\OCBOPS\fca-customer-creation> TerminatingError(TabExpansion2): "Cannot bind argument to parameter 'inputScript' because it is an empty string."
PS D:\Scripts\OCBOPS\fca-customer-creation> TerminatingError(TabExpansion2): "Cannot bind argument to parameter 'inputScript' because it is an empty string."
PS D:\Scripts\OCBOPS\fca-customer-creation> TerminatingError(TabExpansion2): "Cannot bind argument to parameter 'inputScript' because it is an empty string."
PS D:\Scripts\OCBOPS\fca-customer-creation> TerminatingError(TabExpansion2): "Cannot bind argument to parameter 'inputScript' because it is an empty string."
PS D:\Scripts\OCBOPS\fca-customer-creation> TerminatingError(TabExpansion2): "Cannot bind argument to parameter 'inputScript' because it is an empty string."
PS D:\Scripts\OCBOPS\fca-customer-creation> TerminatingError(TabExpansion2): "Cannot bind argument to parameter 'inputScript' because it is an empty string."
PS D:\Scripts\OCBOPS\fca-customer-creation> $OrgNetwork_Netmask  = $responseExtnetworkInfo.VMWExternalNetwork.Configuration.IpScopes.IpScope.Netmask
PS D:\Scripts\OCBOPS\fca-customer-creation> TerminatingError(TabExpansion2): "Cannot bind argument to parameter 'inputScript' because it is an empty string."
PS D:\Scripts\OCBOPS\fca-customer-creation> TerminatingError(TabExpansion2): "Cannot bind argument to parameter 'inputScript' because it is an empty string."
PS D:\Scripts\OCBOPS\fca-customer-creation> TerminatingError(TabExpansion2): "Cannot bind argument to parameter 'inputScript' because it is an empty string."
PS D:\Scripts\OCBOPS\fca-customer-creation> TerminatingError(TabExpansion2): "Cannot bind argument to parameter 'inputScript' because it is an empty string."
PS D:\Scripts\OCBOPS\fca-customer-creation> TerminatingError(TabExpansion2): "Cannot bind argument to parameter 'inputScript' because it is an empty string."
PS D:\Scripts\OCBOPS\fca-customer-creation> TerminatingError(TabExpansion2): "Cannot bind argument to parameter 'inputScript' because it is an empty string."
PS D:\Scripts\OCBOPS\fca-customer-creation> TerminatingError(TabExpansion2): "Cannot bind argument to parameter 'inputScript' because it is an empty string."
PS D:\Scripts\OCBOPS\fca-customer-creation> $OrgNetwork_StartAddress =  $responseExtnetworkInfo.VMWExternalNetwork.Configuration.IpScopes.IpScope.IpRanges.IpRange.StartAddress
PS D:\Scripts\OCBOPS\fca-customer-creation> TerminatingError(TabExpansion2): "Cannot bind argument to parameter 'inputScript' because it is an empty string."
PS D:\Scripts\OCBOPS\fca-customer-creation> TerminatingError(TabExpansion2): "Cannot bind argument to parameter 'inputScript' because it is an empty string."
PS D:\Scripts\OCBOPS\fca-customer-creation> TerminatingError(TabExpansion2): "Cannot bind argument to parameter 'inputScript' because it is an empty string."
PS D:\Scripts\OCBOPS\fca-customer-creation> TerminatingError(TabExpansion2): "Cannot bind argument to parameter 'inputScript' because it is an empty string."
PS D:\Scripts\OCBOPS\fca-customer-creation> TerminatingError(TabExpansion2): "Cannot bind argument to parameter 'inputScript' because it is an empty string."
PS D:\Scripts\OCBOPS\fca-customer-creation> TerminatingError(TabExpansion2): "Cannot bind argument to parameter 'inputScript' because it is an empty string."
PS D:\Scripts\OCBOPS\fca-customer-creation> TerminatingError(TabExpansion2): "Cannot bind argument to parameter 'inputScript' because it is an empty string."
PS D:\Scripts\OCBOPS\fca-customer-creation> $OrgNetwork_EndAddress =  $responseExtnetworkInfo.VMWExternalNetwork.Configuration.IpScopes.IpScope.IpRanges.IpRange.EndAddress
PS D:\Scripts\OCBOPS\fca-customer-creation> $OrgNetwork_EndAddress
192.168.5.13
PS D:\Scripts\OCBOPS\fca-customer-creation> $separator = "/"
PS D:\Scripts\OCBOPS\fca-customer-creation> TerminatingError(TabExpansion2): "Cannot bind argument to parameter 'inputScript' because it is an empty string."
PS D:\Scripts\OCBOPS\fca-customer-creation> TerminatingError(TabExpansion2): "Cannot bind argument to parameter 'inputScript' because it is an empty string."
PS D:\Scripts\OCBOPS\fca-customer-creation> TerminatingError(TabExpansion2): "Cannot bind argument to parameter 'inputScript' because it is an empty string."
PS D:\Scripts\OCBOPS\fca-customer-creation> TerminatingError(TabExpansion2): "Cannot bind argument to parameter 'inputScript' because it is an empty string."
PS D:\Scripts\OCBOPS\fca-customer-creation> TerminatingError(TabExpansion2): "Cannot bind argument to parameter 'inputScript' because it is an empty string."
PS D:\Scripts\OCBOPS\fca-customer-creation> TerminatingError(TabExpansion2): "Cannot bind argument to parameter 'inputScript' because it is an empty string."
PS D:\Scripts\OCBOPS\fca-customer-creation> TerminatingError(TabExpansion2): "Cannot bind argument to parameter 'inputScript' because it is an empty string."
PS D:\Scripts\OCBOPS\fca-customer-creation> $option = [System.StringSplitOptions]::RemoveEmptyEntries
PS D:\Scripts\OCBOPS\fca-customer-creation> TerminatingError(TabExpansion2): "Cannot bind argument to parameter 'inputScript' because it is an empty string."
PS D:\Scripts\OCBOPS\fca-customer-creation> TerminatingError(TabExpansion2): "Cannot bind argument to parameter 'inputScript' because it is an empty string."
PS D:\Scripts\OCBOPS\fca-customer-creation> TerminatingError(TabExpansion2): "Cannot bind argument to parameter 'inputScript' because it is an empty string."
PS D:\Scripts\OCBOPS\fca-customer-creation> TerminatingError(TabExpansion2): "Cannot bind argument to parameter 'inputScript' because it is an empty string."
PS D:\Scripts\OCBOPS\fca-customer-creation> TerminatingError(TabExpansion2): "Cannot bind argument to parameter 'inputScript' because it is an empty string."
PS D:\Scripts\OCBOPS\fca-customer-creation> TerminatingError(TabExpansion2): "Cannot bind argument to parameter 'inputScript' because it is an empty string."
PS D:\Scripts\OCBOPS\fca-customer-creation> TerminatingError(TabExpansion2): "Cannot bind argument to parameter 'inputScript' because it is an empty string."
PS D:\Scripts\OCBOPS\fca-customer-creation> [array] $extneturn = $AdminExternalNetworkHref .Split($separator,$option)
At line:1 char:48
+ [array] $extneturn = $AdminExternalNetworkHref .Split($separator,$opt ...
+                                                ~~~~~~
Unexpected token '.Split' in expression or statement.
At line:1 char:48
+ [array] $extneturn = $AdminExternalNetworkHref .Split($separator,$opt ...
+                                                ~~~~~~
Unexpected token '.Split' in expression or statement.
    + CategoryInfo          : ParserError: (:) [], ParentContainsErrorRecordException
    + FullyQualifiedErrorId : UnexpectedToken

PS D:\Scripts\OCBOPS\fca-customer-creation> TerminatingError(TabExpansion2): "Cannot bind argument to parameter 'inputScript' because it is an empty string."
PS D:\Scripts\OCBOPS\fca-customer-creation> TerminatingError(TabExpansion2): "Cannot bind argument to parameter 'inputScript' because it is an empty string."
PS D:\Scripts\OCBOPS\fca-customer-creation> TerminatingError(TabExpansion2): "Cannot bind argument to parameter 'inputScript' because it is an empty string."
PS D:\Scripts\OCBOPS\fca-customer-creation> TerminatingError(TabExpansion2): "Cannot bind argument to parameter 'inputScript' because it is an empty string."
PS D:\Scripts\OCBOPS\fca-customer-creation> TerminatingError(TabExpansion2): "Cannot bind argument to parameter 'inputScript' because it is an empty string."
PS D:\Scripts\OCBOPS\fca-customer-creation> TerminatingError(TabExpansion2): "Cannot bind argument to parameter 'inputScript' because it is an empty string."
PS D:\Scripts\OCBOPS\fca-customer-creation> TerminatingError(TabExpansion2): "Cannot bind argument to parameter 'inputScript' because it is an empty string."
PS D:\Scripts\OCBOPS\fca-customer-creation> $extnetid = $extneturn[6]
PS D:\Scripts\OCBOPS\fca-customer-creation> $AdminExternalNetworkHref
https://3.flexible-computing-advanced.orange-business.com/api/admin/extension/externalnet/c459d578-3201-46ee-8a37-437bdc230efe
PS D:\Scripts\OCBOPS\fca-customer-creation> $separator = "/"
PS D:\Scripts\OCBOPS\fca-customer-creation> TerminatingError(TabExpansion2): "Cannot bind argument to parameter 'inputScript' because it is an empty string."
PS D:\Scripts\OCBOPS\fca-customer-creation> TerminatingError(TabExpansion2): "Cannot bind argument to parameter 'inputScript' because it is an empty string."
PS D:\Scripts\OCBOPS\fca-customer-creation> TerminatingError(TabExpansion2): "Cannot bind argument to parameter 'inputScript' because it is an empty string."
PS D:\Scripts\OCBOPS\fca-customer-creation> TerminatingError(TabExpansion2): "Cannot bind argument to parameter 'inputScript' because it is an empty string."
PS D:\Scripts\OCBOPS\fca-customer-creation> TerminatingError(TabExpansion2): "Cannot bind argument to parameter 'inputScript' because it is an empty string."
PS D:\Scripts\OCBOPS\fca-customer-creation> TerminatingError(TabExpansion2): "Cannot bind argument to parameter 'inputScript' because it is an empty string."
PS D:\Scripts\OCBOPS\fca-customer-creation> TerminatingError(TabExpansion2): "Cannot bind argument to parameter 'inputScript' because it is an empty string."
PS D:\Scripts\OCBOPS\fca-customer-creation> $option = [System.StringSplitOptions]::RemoveEmptyEntries
PS D:\Scripts\OCBOPS\fca-customer-creation> TerminatingError(TabExpansion2): "Cannot bind argument to parameter 'inputScript' because it is an empty string."
PS D:\Scripts\OCBOPS\fca-customer-creation> TerminatingError(TabExpansion2): "Cannot bind argument to parameter 'inputScript' because it is an empty string."
PS D:\Scripts\OCBOPS\fca-customer-creation> TerminatingError(TabExpansion2): "Cannot bind argument to parameter 'inputScript' because it is an empty string."
PS D:\Scripts\OCBOPS\fca-customer-creation> TerminatingError(TabExpansion2): "Cannot bind argument to parameter 'inputScript' because it is an empty string."
PS D:\Scripts\OCBOPS\fca-customer-creation> TerminatingError(TabExpansion2): "Cannot bind argument to parameter 'inputScript' because it is an empty string."
PS D:\Scripts\OCBOPS\fca-customer-creation> TerminatingError(TabExpansion2): "Cannot bind argument to parameter 'inputScript' because it is an empty string."
PS D:\Scripts\OCBOPS\fca-customer-creation> TerminatingError(TabExpansion2): "Cannot bind argument to parameter 'inputScript' because it is an empty string."
PS D:\Scripts\OCBOPS\fca-customer-creation> [array] $extneturn = $AdminExternalNetworkHref.Split($separator,$option)
PS D:\Scripts\OCBOPS\fca-customer-creation> TerminatingError(TabExpansion2): "Cannot bind argument to parameter 'inputScript' because it is an empty string."
PS D:\Scripts\OCBOPS\fca-customer-creation> TerminatingError(TabExpansion2): "Cannot bind argument to parameter 'inputScript' because it is an empty string."
PS D:\Scripts\OCBOPS\fca-customer-creation> TerminatingError(TabExpansion2): "Cannot bind argument to parameter 'inputScript' because it is an empty string."
PS D:\Scripts\OCBOPS\fca-customer-creation> TerminatingError(TabExpansion2): "Cannot bind argument to parameter 'inputScript' because it is an empty string."
PS D:\Scripts\OCBOPS\fca-customer-creation> TerminatingError(TabExpansion2): "Cannot bind argument to parameter 'inputScript' because it is an empty string."
PS D:\Scripts\OCBOPS\fca-customer-creation> TerminatingError(TabExpansion2): "Cannot bind argument to parameter 'inputScript' because it is an empty string."
PS D:\Scripts\OCBOPS\fca-customer-creation> TerminatingError(TabExpansion2): "Cannot bind argument to parameter 'inputScript' because it is an empty string."
PS D:\Scripts\OCBOPS\fca-customer-creation> $extnetid = $extneturn[6]
PS D:\Scripts\OCBOPS\fca-customer-creation> $extnetid
c459d578-3201-46ee-8a37-437bdc230efe
PS D:\Scripts\OCBOPS\fca-customer-creation> $CreateOrgNetURL = $baseurl +"/admin/vdc/$OrgVDCID/networks"
PS D:\Scripts\OCBOPS\fca-customer-creation> $CreateOrgNetURL
https://api-3.flexible-computing-advanced.orange-business.com/api/admin/vdc/418b6702-2a5f-45e3-a23d-65e87d492999/networks
PS D:\Scripts\OCBOPS\fca-customer-creation> $XMLLocation = $XMLLocation = $WorkingDirectory+'Templates\OrgVdcNetwork.xml'
PS D:\Scripts\OCBOPS\fca-customer-creation> TerminatingError(TabExpansion2): "Cannot bind argument to parameter 'inputScript' because it is an empty string."
PS D:\Scripts\OCBOPS\fca-customer-creation> TerminatingError(TabExpansion2): "Cannot bind argument to parameter 'inputScript' because it is an empty string."
PS D:\Scripts\OCBOPS\fca-customer-creation> TerminatingError(TabExpansion2): "Cannot bind argument to parameter 'inputScript' because it is an empty string."
PS D:\Scripts\OCBOPS\fca-customer-creation> TerminatingError(TabExpansion2): "Cannot bind argument to parameter 'inputScript' because it is an empty string."
PS D:\Scripts\OCBOPS\fca-customer-creation> TerminatingError(TabExpansion2): "Cannot bind argument to parameter 'inputScript' because it is an empty string."
PS D:\Scripts\OCBOPS\fca-customer-creation>         Write-Host (Get-Date).ToString() "$ScriptIdentifier : Import XML file $XMLLocation" -ForegroundColor Green
11/1/2019 5:29:31 PM [ExtNetwork] : Import XML file D:\Scripts\OCBOPS\fca-customer-creation\Templates\OrgVdcNetwork.xml
PS D:\Scripts\OCBOPS\fca-customer-creation> TerminatingError(TabExpansion2): "Cannot bind argument to parameter 'inputScript' because it is an empty string."
PS D:\Scripts\OCBOPS\fca-customer-creation> TerminatingError(TabExpansion2): "Cannot bind argument to parameter 'inputScript' because it is an empty string."
PS D:\Scripts\OCBOPS\fca-customer-creation> TerminatingError(TabExpansion2): "Cannot bind argument to parameter 'inputScript' because it is an empty string."
PS D:\Scripts\OCBOPS\fca-customer-creation> TerminatingError(TabExpansion2): "Cannot bind argument to parameter 'inputScript' because it is an empty string."
PS D:\Scripts\OCBOPS\fca-customer-creation> TerminatingError(TabExpansion2): "Cannot bind argument to parameter 'inputScript' because it is an empty string."
PS D:\Scripts\OCBOPS\fca-customer-creation> TerminatingError(TabExpansion2): "Cannot bind argument to parameter 'inputScript' because it is an empty string."
PS D:\Scripts\OCBOPS\fca-customer-creation> TerminatingError(TabExpansion2): "Cannot bind argument to parameter 'inputScript' because it is an empty string."
PS D:\Scripts\OCBOPS\fca-customer-creation> $xmltemplateOrgNetwork = (Get-Content $XMLLocation  -ErrorVariable ProcessError -ErrorAction SilentlyContinue)
PS D:\Scripts\OCBOPS\fca-customer-creation> TerminatingError(TabExpansion2): "Cannot bind argument to parameter 'inputScript' because it is an empty string."
PS D:\Scripts\OCBOPS\fca-customer-creation> TerminatingError(TabExpansion2): "Cannot bind argument to parameter 'inputScript' because it is an empty string."
PS D:\Scripts\OCBOPS\fca-customer-creation> TerminatingError(TabExpansion2): "Cannot bind argument to parameter 'inputScript' because it is an empty string."
PS D:\Scripts\OCBOPS\fca-customer-creation> TerminatingError(TabExpansion2): "Cannot bind argument to parameter 'inputScript' because it is an empty string."
PS D:\Scripts\OCBOPS\fca-customer-creation> TerminatingError(TabExpansion2): "Cannot bind argument to parameter 'inputScript' because it is an empty string."
PS D:\Scripts\OCBOPS\fca-customer-creation> TerminatingError(TabExpansion2): "Cannot bind argument to parameter 'inputScript' because it is an empty string."
PS D:\Scripts\OCBOPS\fca-customer-creation> TerminatingError(TabExpansion2): "Cannot bind argument to parameter 'inputScript' because it is an empty string."
PS D:\Scripts\OCBOPS\fca-customer-creation> $OrgNetworksList= $Customer.customer.OrgVDCs.OrgVDC.OrgNetworks.OrgNetwork
PS D:\Scripts\OCBOPS\fca-customer-creation> Foreach ( $OrgNetwork in $OrgNetworksList  ){
  $OrgNetwork_Name = $OrgNetwork.name
 
  $xmlOrgNet = $xmltemplateOrgNetwork
  $xmlOrgNet = $xmlOrgNet -replace "OrgNet_Name", $OrgNetwork_Name
  $xmlOrgNet = $xmlOrgNet -replace "OrgNet_Description", $OrgNetwork_Name
  $xmlOrgNet = $xmlOrgNet -replace "OrgNet_Gateway", $OrgNetwork_Gateway
  $xmlOrgNet = $xmlOrgNet -replace "OrgNet_Netmask", $VSE_Netmask
  $xmlOrgNet = $xmlOrgNet -replace "OrgNet_StartAddress", $OrgNetwork_StartAddress
  $xmlOrgNet = $xmlOrgNet -replace "OrgNet_EndAddress", $OrgNetwork_EndAddress
  $xmlOrgNet = $xmlOrgNet -replace "ExternalNetworkID", $extnetid
  $ContentType = "application/vnd.vmware.vcloud.orgVdcNetwork+xml"
  $CreateOrgNetURL = $baseurl +"/admin/vdc/$OrgVDCID/networks"
  Write-Host (Get-Date).ToString() "$ScriptIdentifier : Creating Org Network :$OrgNetwork_Name " -ForegroundColor Green
  Try{
$responseUser = Invoke-RestMethod -Uri $CreateOrgNetURL -Headers $headers -Method POST -body $xmlOrgNet -ContentType $ContentType
   }catch{
Write-Warning ("Invoke-vCloud Exception: $($_.Exception.Message)")
if ( $_.Exception.ItemName ) { Write-Warning ("Failed Item: $($_.Exception.ItemName)") }
#Exit-function
  }
}
11/1/2019 5:30:05 PM [ExtNetwork] : Creating Org Network :Admin_OrgNetwork
PS D:\Scripts\OCBOPS\fca-customer-creation> TerminatingError(TabExpansion2): "Cannot bind argument to parameter 'inputScript' because it is an empty string."
PS D:\Scripts\OCBOPS\fca-customer-creation> TerminatingError(TabExpansion2): "Cannot bind argument to parameter 'inputScript' because it is an empty string."
PS D:\Scripts\OCBOPS\fca-customer-creation> $responseUser

xml                                             OrgVdcNetwork
---                                             -------------
version="1.0" encoding="UTF-8" standalone="yes" OrgVdcNetwork


