**********************
Windows PowerShell transcript start
Start time: 20190923202131
Username: OCPINFRA\ereen.thabet
RunAs User: OCPINFRA\ereen.thabet
Machine: VNUINFRATOOL01 (Microsoft Windows NT 6.3.9600.0)
Host Application: C:\Windows\System32\WindowsPowerShell\v1.0\powershell.exe
Process ID: 46756
PSVersion: 5.1.14409.1018
PSEdition: Desktop
PSCompatibleVersions: 1.0, 2.0, 3.0, 4.0, 5.0, 5.1.14409.1018
BuildVersion: 10.0.14409.1018
CLRVersion: 4.0.30319.42000
WSManStackVersion: 3.0
PSRemotingProtocolVersion: 2.3
SerializationVersion: 1.1.0.1
**********************
9/23/2019 8:21:31 PM [Main] : Script version: v1.0.1
9/23/2019 8:21:31 PM [Main] : ImportModel ConvertTo-IPv4MaskString.ps1
9/23/2019 8:21:31 PM [Main] : ImportModel Debug-Functions.ps1
9/23/2019 8:21:31 PM [Main] : ImportModel Exit-function.ps1
9/23/2019 8:21:31 PM [Main] : ImportModel Get-Inifile.ps1
9/23/2019 8:21:31 PM [Main] : ImportModel Get-ScriptVersion.ps1
9/23/2019 8:21:31 PM [Main] : ImportModel NSX-Functions.ps1
9/23/2019 8:21:31 PM [Main] : ImportModel VCD-functions.ps1
9/23/2019 8:21:31 PM [Main] : Import customer file D:\Scripts\OCBOPS\fca-customer-creation\Customers-info\FCA_SE_CUST_TEMPLATE.xml
9/23/2019 8:21:31 PM [Main] : Site Name  FCA_VDR
9/23/2019 8:21:31 PM [Main] : Import site file D:\Scripts\OCBOPS\fca-customer-creation\Customers-info\FCA_VDR.ini
9/23/2019 8:21:31 PM [PESG] : Script version: v1.0.1
9/23/2019 8:21:31 PM [PESG] : ImportModel PowerNSX
WARNING: The generated type defines no public methods or properties.
WARNING: The names of some imported commands from the module 'PowerNSX' include unapproved verbs that might make them less discoverable. To find the commands with unapproved verbs, run the Import-Module command again with the Verbose parameter. For a list of approved verbs, type Get-Verb.
9/23/2019 8:21:33 PM [PESG] : PowerCli connection to vCenter : 10.19.249.9

Name                           Port  User
----                           ----  ----
10.19.249.9                    443   VSPHERE.LOCAL\onboarding
9/23/2019 8:21:36 PM [PESG] : PowerCli connected to vCenter
9/23/2019 8:21:36 PM [PESG] : PowerNSX connection to the NSX manager
Using existing PowerCLI connection to 10.19.249.9

Version             : 6.3.6
BuildNumber         : 8085122
Credential          : System.Management.Automation.PSCredential
Server              : 10.19.249.20
Port                : 443
Protocol            : https
ValidateCertificate : False
VIConnection        : 10.19.249.9
DebugLogging        : False
DebugLogfile        : C:\Users\EREEN~1.THA\AppData\Local\Temp\15\PowerNSXLog-admin@10.19.249.20-2019_09_23_20_21_36.log

9/23/2019 8:21:37 PM [PESG] : PowerNSX connected to the NSX manager
9/23/2019 8:21:57 PM [PESG] : Creating Logical Switche : FCA_VDR_Automation_LS_ADMIN_vCDESG_T_S1
9/23/2019 8:22:02 PM [PESG] : Logical Switche ID : @{name=FCA_VDR_Automation_LS_ADMIN_vCDESG_T_S1; vdnId=15321}
9/23/2019 8:22:02 PM [PESG] : Preparing Interface Uplink setting : FCA_VDR_Automation_ADMIN_PESG_U_S1
9/23/2019 8:22:02 PM [PESG] : Preparing Interface Uplink setting : 100.64.103.67 / 24
9/23/2019 8:22:02 PM [PESG] : Preparing Interface Internal setting : FCA_VDR_Automation_ADMIN_vCDESG_T_S1
9/23/2019 8:22:02 PM [PESG] : Preparing Interface Internal setting : 192.168.5.14 / 28
9/23/2019 8:22:02 PM [PESG] : Creating Provider Edges : FCA_VDR_Automation_PESG_ADMIN_S1
PS>TerminatingError(Invoke-WebRequest): "The remote server returned an error: (400) Bad Request."
>> TerminatingError(Invoke-WebRequest): "The remote server returned an error: (400) Bad Request."
PS>TerminatingError(Invoke-NsxWebRequest): "Invoke-NsxWebRequest : The NSX API response received indicates a failure. 400 : Bad Request : Response Body: <?xml version="1.0" encoding="UTF-8"?>
<error><details>Failed to power on VM 1428070730-0.</details><errorCode>1502</errorCode><rootCauseString>No compatible host has sufficient resources to satisfy the reservation.</rootCauseString><moduleName>core-services</moduleName></error>"
PS>TerminatingError(Get-NsxEdge): "Cannot bind argument to parameter 'objectId' because it is an empty string."
9/23/2019 8:22:33 PM [PESG] : PESG creation failed, waiting 2 Mins for the next retry TryNumber 1
9/23/2019 8:25:40 PM [PESG] : Renaming PESG
9/23/2019 8:25:55 PM [PESG] : PESG ID : edge-3166
9/23/2019 8:25:55 PM [PESG] : -------------appliancesSummary----------------
9/23/2019 8:25:55 PM [PESG] : Tenant		 	Tenant01
9/23/2019 8:25:55 PM [PESG] : EdgeDatastore	 	VCAN_NSX_VMW_001
9/23/2019 8:25:55 PM [PESG] : EdgeCluster	 	CNUVCANEDGE001
9/23/2019 8:25:55 PM [PESG] : EdgeFolder	 	NSX Edges
9/23/2019 8:25:55 PM [PESG] : UplinkNetwork	 	System.Xml.XmlElement
9/23/2019 8:25:55 PM [PESG] : NsxTransportZone	Transit-TZ
9/23/2019 8:25:55 PM [PESG] : RoutingURL : https://10.19.249.20/api/4.0/edges/edge-3166/routing/config
9/23/2019 8:26:07 PM [PESG] : Creating Logical Switche : FCA_VDR_Automation_ULS_INET_vCDESG_T_S1
9/23/2019 8:26:12 PM [PESG] : Logical Switche ID : @{name=FCA_VDR_Automation_ULS_INET_vCDESG_T_S1; vdnId=20054}
9/23/2019 8:26:12 PM [PESG] : Preparing Interface Uplink setting : FCA_VDR_Automation_INET_PESG_U_S1
9/23/2019 8:26:12 PM [PESG] : Preparing Interface Uplink setting : 100.64.1.167 / 24
9/23/2019 8:26:12 PM [PESG] : Preparing Interface Internal setting : FCA_VDR_Automation_INET_vCDESG_T_S1
9/23/2019 8:26:12 PM [PESG] : Preparing Interface Internal setting : 100.64.102.254 / 24
9/23/2019 8:26:12 PM [PESG] : Creating Provider Edges : FCA_VDR_Automation_PESG_INET_S1
9/23/2019 8:27:16 PM [PESG] : Renaming PESG
9/23/2019 8:27:32 PM [PESG] : PESG ID : edge-3167
9/23/2019 8:27:32 PM [PESG] : -------------appliancesSummary----------------
9/23/2019 8:27:32 PM [PESG] : Tenant		 	Tenant01
9/23/2019 8:27:32 PM [PESG] : EdgeDatastore	 	VCAN_NSX_VMW_001
9/23/2019 8:27:32 PM [PESG] : EdgeCluster	 	CNUVCANEDGE001
9/23/2019 8:27:32 PM [PESG] : EdgeFolder	 	NSX Edges
9/23/2019 8:27:32 PM [PESG] : UplinkNetwork	 	INET-CUST-ACCESS-S1
9/23/2019 8:27:32 PM [PESG] : NsxTransportZone	Transit-UTZ
9/23/2019 8:27:32 PM [PESG] : RoutingURL : https://10.19.249.20/api/4.0/edges/edge-3167/routing/config
9/23/2019 8:27:37 PM [Main]
9/23/2019 8:27:37 PM [ExtNetwork] : Script version: v1.0.1
9/23/2019 8:27:37 PM [ExtNetwork] : The Site FCA_VDR is selected
9/23/2019 8:27:37 PM [ExtNetwork] : The API URL api-3.flexible-computing-advanced.orange-business.com is selected
9/23/2019 8:27:37 PM [ExtNetwork] : The API Version 27.0 is selected
9/23/2019 8:27:37 PM [ExtNetwork] : Authenticating FCA_SE@system against api-3.flexible-computing-advanced.orange-business.com
9/23/2019 8:27:39 PM [ExtNetwork] : User FCA_SE@system authenticated
9/23/2019 8:27:39 PM [ExtNetwork] : Import XML file D:\Scripts\OCBOPS\fca-customer-creation\Templates\ExternalNetwork.xml
9/23/2019 8:27:41 PM [ExtNetwork] : Updating XML ADMIN External Network file
9/23/2019 8:27:41 PM [ExtNetwork] : Creating External Network :FCA_VDR_Automation_ADMIN_INTERCO_vCDESG_S1
9/23/2019 8:27:41 PM [ExtNetwork] : Creating External Network :192.168.5.14 / 255.255.255.240
9/23/2019 8:27:50 PM [ExtNetwork] : Task submitted successfully, waiting for result
9/23/2019 8:27:50 PM [ExtNetwork] : queued
9/23/2019 8:27:55 PM [ExtNetwork] : Task completed successfully
True
9/23/2019 8:27:57 PM [ExtNetwork] : Updating INET External Network   XML file
9/23/2019 8:27:57 PM [ExtNetwork] : Creating External Network :FCA_VDR_Automation_INET_INTERCO_vCDESG_S1
9/23/2019 8:27:57 PM [ExtNetwork] : Creating External Network :100.64.102.254 / 100.64.102.254
PS>TerminatingError(Invoke-RestMethod): "The remote server returned an error: (400) Bad Request."
WARNING: Invoke-vCloud Exception: The remote server returned an error: (400) Bad Request.
9/23/2019 8:27:57 PM [ExtNetwork] : Script Terminated
9/23/2019 8:27:57 PM [Main]
**********************
Windows PowerShell transcript end
End time: 20190923202757
**********************
