**********************
Windows PowerShell transcript start
Start time: 20191101133825
Username: OCPINFRA\ereen.thabet
RunAs User: OCPINFRA\ereen.thabet
Machine: VNUINFRATOOL01 (Microsoft Windows NT 6.3.9600.0)
Host Application: C:\Windows\System32\WindowsPowerShell\v1.0\powershell.exe
Process ID: 34728
PSVersion: 5.1.14409.1018
PSEdition: Desktop
PSCompatibleVersions: 1.0, 2.0, 3.0, 4.0, 5.0, 5.1.14409.1018
BuildVersion: 10.0.14409.1018
CLRVersion: 4.0.30319.42000
WSManStackVersion: 3.0
PSRemotingProtocolVersion: 2.3
SerializationVersion: 1.1.0.1
**********************
11/1/2019 1:38:25 PM [Main] : Script version: v1.0.1
11/1/2019 1:38:25 PM [Main] : ImportModule ConvertTo-IPv4MaskString.ps1
11/1/2019 1:38:25 PM [Main] : ImportModule Debug-Functions.ps1
11/1/2019 1:38:25 PM [Main] : ImportModule Exit-function.ps1
11/1/2019 1:38:25 PM [Main] : ImportModule Get-Inifile.ps1
11/1/2019 1:38:25 PM [Main] : ImportModule Get-ScriptVersion.ps1
11/1/2019 1:38:25 PM [Main] : ImportModule NSX-Functions.ps1
11/1/2019 1:38:25 PM [Main] : ImportModule VCD-functions.ps1
11/1/2019 1:38:25 PM [Main] : Import customer file D:\Scripts\OCBOPS\fca-customer-creation\Customers-info\FCA_SE_CUST_TEMPLATE2.xml
11/1/2019 1:38:25 PM [Main] : Site Name  FCA_VDR
11/1/2019 1:38:25 PM [Main] : Import site file D:\Scripts\OCBOPS\fca-customer-creation\Customers-info\FCA_VDR.ini
11/1/2019 1:38:25 PM [Main]
11/1/2019 1:38:25 PM [ExtNetwork] : Script version: v1.0.1
11/1/2019 1:38:25 PM [ExtNetwork] : PowerCli connection to vCenter : 10.19.249.9

Name                           Port  User
----                           ----  ----
10.19.249.9                    443   VSPHERE.LOCAL\onboarding
11/1/2019 1:38:26 PM [ExtNetwork] : PowerCli connected to vCenter
11/1/2019 1:38:26 PM [ExtNetwork] : The Site FCA_VDR is selected
11/1/2019 1:38:26 PM [ExtNetwork] : The API URL api-3.flexible-computing-advanced.orange-business.com is selected
11/1/2019 1:38:26 PM [ExtNetwork] : The API Version 27.0 is selected
11/1/2019 1:38:26 PM [ExtNetwork] : Authenticating FCA_SE@system against api-3.flexible-computing-advanced.orange-business.com
11/1/2019 1:38:26 PM [ExtNetwork] : User FCA_SE@system authenticated
11/1/2019 1:39:29 PM [ExtNetwork] : Import XML file D:\Scripts\OCBOPS\fca-customer-creation\Templates\ExternalNetwork.xml
11/1/2019 1:39:31 PM [ExtNetwork] : Updating XML ADMIN External Network file
11/1/2019 1:39:31 PM [ExtNetwork] : Creating Admin External Network :FCA_VDR_Automation_Test_ADMIN_INTERCO_vCDESG_S1
11/1/2019 1:39:31 PM [ExtNetwork] : Creating External Network :192.168.5.14 / 255.255.255.240
PS D:\Scripts\OCBOPS\fca-customer-creation> TerminatingError(Invoke-RestMethod): "The remote server returned an error: (400) Bad Request."
WARNING: Invoke-vCloud Exception: The remote server returned an error: (400) Bad Request.
11/1/2019 1:39:31 PM [ExtNetwork] : Script Terminated
11/1/2019 1:39:31 PM [Main]
**********************
Windows PowerShell transcript end
End time: 20191101133931
**********************
