**********************
Windows PowerShell transcript start
Start time: 20191105181537
Username: EQ1ADM\mhammad.DCO
RunAs User: EQ1ADM\mhammad.DCO
Machine: VNUINFRATOOL01 (Microsoft Windows NT 6.3.9600.0)
Host Application: C:\Windows\System32\WindowsPowerShell\v1.0\powershell.exe
Process ID: 6512
PSVersion: 5.1.14409.1018
PSEdition: Desktop
PSCompatibleVersions: 1.0, 2.0, 3.0, 4.0, 5.0, 5.1.14409.1018
BuildVersion: 10.0.14409.1018
CLRVersion: 4.0.30319.42000
WSManStackVersion: 3.0
PSRemotingProtocolVersion: 2.3
SerializationVersion: 1.1.0.1
**********************
11/5/2019 6:15:37 PM [Main] : Script version: v1.0.1
11/5/2019 6:15:38 PM [Main] : ImportModule ConvertTo-IPv4MaskString.ps1
11/5/2019 6:15:38 PM [Main] : ImportModule Debug-Functions.ps1
11/5/2019 6:15:38 PM [Main] : ImportModule Exit-function.ps1
11/5/2019 6:15:38 PM [Main] : ImportModule Get-Inifile.ps1
11/5/2019 6:15:38 PM [Main] : ImportModule Get-ScriptVersion.ps1
11/5/2019 6:15:38 PM [Main] : ImportModule NSX-Functions.ps1
11/5/2019 6:15:38 PM [Main] : ImportModule VCD-functions.ps1
11/5/2019 6:15:38 PM [Main] : Import customer file D:\Scripts\OCBOPS\fca-customer-creation\Customers-info\FCA_SE_CUST_TEMPLATE.xml
11/5/2019 6:15:38 PM [Main] : Site Name  FCA_VDR
11/5/2019 6:15:38 PM [Main] : Import site file D:\Scripts\OCBOPS\fca-customer-creation\SiteInfo\FCA_VDR.ini
11/5/2019 6:15:38 PM [PESG] : Script version: v2.0.4
11/5/2019 6:15:38 PM [PESG] : ImportModel PowerNSX
WARNING: The generated type defines no public methods or properties.
WARNING: The names of some imported commands from the module 'PowerNSX' include unapproved verbs that might make them less discoverable. To find the commands with unapproved verbs, run the Import-Module command again with the Verbose parameter. For a list of approved verbs, type Get-Verb.
11/5/2019 6:15:41 PM [PESG] : PowerCli connection to vCenter : 10.19.249.9

Name                           Port  User
----                           ----  ----
10.19.249.9                    443   VSPHERE.LOCAL\onboarding
11/5/2019 6:15:44 PM [PESG] : PowerCli connected to vCenter
11/5/2019 6:15:44 PM [PESG] : PowerNSX connection to the NSX manager
Using existing PowerCLI connection to 10.19.249.9

Version             : 6.3.6
BuildNumber         : 8085122
Credential          : System.Management.Automation.PSCredential
Server              : 10.19.249.20
Port                : 443
Protocol            : https
ValidateCertificate : False
VIConnection        : 10.19.249.9
DebugLogging        : False
DebugLogfile        : C:\Users\mhammad.DCO\AppData\Local\Temp\19\PowerNSXLog-admin@10.19.249.20-2019_11_05_18_15_44.log

11/5/2019 6:15:45 PM [PESG] : PowerNSX connected to the NSX manager
11/5/2019 6:16:09 PM [PESG] : Creating Logical Switche : FCA_VDR_Automation_Test_LS_ADMIN_vCDESG_T_S1
11/5/2019 6:16:14 PM [PESG] : Logical Switche ID : @{name=FCA_VDR_Automation_Test_LS_ADMIN_vCDESG_T_S1; vdnId=15039}
11/5/2019 6:16:14 PM [PESG] : Preparing Interface Uplink setting : FCA_VDR_Automation_Test_ADMIN_PESG_U_S1
11/5/2019 6:16:14 PM [PESG] : Preparing Interface Uplink setting : 100.64.103.67 / 24
11/5/2019 6:16:14 PM [PESG] : Preparing Interface Internal setting : FCA_VDR_Automation_Test_ADMIN_vCDESG_T_S1
11/5/2019 6:16:14 PM [PESG] : Preparing Interface Internal setting : 192.168.5.14 / 28
11/5/2019 6:16:14 PM [PESG] : Creating Provider Edges : FCA_VDR_Automation_Test_PESG_ADMIN_S1
PS>TerminatingError(Invoke-WebRequest): "The remote server returned an error: (400) Bad Request."
>> TerminatingError(Invoke-WebRequest): "The remote server returned an error: (400) Bad Request."
PS>TerminatingError(Invoke-NsxWebRequest): "Invoke-NsxWebRequest : The NSX API response received indicates a failure. 400 : Bad Request : Response Body: <?xml version="1.0" encoding="UTF-8"?>
<error><details>Failed to power on VM FCAVDRAutomationTestPESGADMINS1-0.</details><errorCode>1502</errorCode><rootCauseString>No compatible host has sufficient resources to satisfy the reservation.</rootCauseString><moduleName>core-services</moduleName></error>"
PS>TerminatingError(Get-NsxEdge): "Cannot bind argument to parameter 'objectId' because it is an empty string."
11/5/2019 6:16:47 PM [PESG] : PESG creation failed, waiting 2 Mins for the next retry TryNumber 1
PS>TerminatingError(Invoke-WebRequest): "The remote server returned an error: (400) Bad Request."
>> TerminatingError(Invoke-WebRequest): "The remote server returned an error: (400) Bad Request."
PS>TerminatingError(Invoke-NsxWebRequest): "Invoke-NsxWebRequest : The NSX API response received indicates a failure. 400 : Bad Request : Response Body: <?xml version="1.0" encoding="UTF-8"?>
<error><details>Failed to power on VM FCAVDRAutomationTestPESGADMINS1-0.</details><errorCode>1502</errorCode><rootCauseString>No compatible host has sufficient resources to satisfy the reservation.</rootCauseString><moduleName>core-services</moduleName></error>"
PS>TerminatingError(Get-NsxEdge): "Cannot bind argument to parameter 'objectId' because it is an empty string."
11/5/2019 6:19:19 PM [PESG] : PESG creation failed, waiting 2 Mins for the next retry TryNumber 2
11/5/2019 6:22:27 PM [PESG] : Renaming PESG
11/5/2019 6:22:42 PM [PESG] : PESG ID : edge-3249
11/5/2019 6:22:42 PM [PESG] : -------------appliancesSummary----------------
11/5/2019 6:22:42 PM [PESG] : Tenant		 	Tenant01
11/5/2019 6:22:42 PM [PESG] : EdgeDatastore	 	VCAN_NSX_VMW_001
11/5/2019 6:22:42 PM [PESG] : EdgeCluster	 	CNUVCANEDGE001
11/5/2019 6:22:42 PM [PESG] : EdgeFolder	 	NSX Edges
11/5/2019 6:22:42 PM [PESG] : UplinkNetwork	 	System.Xml.XmlElement
11/5/2019 6:22:42 PM [PESG] : NsxTransportZone	Transit-TZ
11/5/2019 6:22:42 PM [PESG] : RoutingURL : https://10.19.249.20/api/4.0/edges/edge-3249/routing/config
11/5/2019 6:22:56 PM [PESG] : Creating Logical Switche : FCA_VDR_Automation_Test_ULS_INET_vCDESG_T_S1
11/5/2019 6:23:02 PM [PESG] : Logical Switche ID : @{name=FCA_VDR_Automation_Test_ULS_INET_vCDESG_T_S1; vdnId=20014}
11/5/2019 6:23:02 PM [PESG] : Preparing Interface Uplink setting : FCA_VDR_Automation_Test_INET_PESG_U_S1
11/5/2019 6:23:02 PM [PESG] : Preparing Interface Uplink setting : 100.64.1.167 / 24
11/5/2019 6:23:02 PM [PESG] : Preparing Interface Internal setting : FCA_VDR_Automation_Test_INET_vCDESG_T_S1
11/5/2019 6:23:02 PM [PESG] : Preparing Interface Internal setting : 100.64.102.254 / 24
11/5/2019 6:23:02 PM [PESG] : Creating Provider Edges : FCA_VDR_Automation_Test_PESG_INET_S1
PS>TerminatingError(Invoke-WebRequest): "The remote server returned an error: (400) Bad Request."
>> TerminatingError(Invoke-WebRequest): "The remote server returned an error: (400) Bad Request."
PS>TerminatingError(Invoke-NsxWebRequest): "Invoke-NsxWebRequest : The NSX API response received indicates a failure. 400 : Bad Request : Response Body: <?xml version="1.0" encoding="UTF-8"?>
<error><details>Failed to power on VM FCAVDRAutomationTestPESGINETS1-1.</details><errorCode>1502</errorCode><rootCauseString>No compatible host has sufficient resources to satisfy the reservation.</rootCauseString><moduleName>core-services</moduleName></error>"
PS>TerminatingError(Get-NsxEdge): "Cannot bind argument to parameter 'objectId' because it is an empty string."
11/5/2019 6:24:10 PM [PESG] : PESG creation failed, waiting 2 Mins for the next retry TryNumber 1
11/5/2019 6:27:22 PM [PESG] : Renaming PESG
11/5/2019 6:27:37 PM [PESG] : PESG ID : edge-3251
11/5/2019 6:27:37 PM [PESG] : -------------appliancesSummary----------------
11/5/2019 6:27:37 PM [PESG] : Tenant		 	Tenant01
11/5/2019 6:27:37 PM [PESG] : EdgeDatastore	 	VCAN_NSX_VMW_001
11/5/2019 6:27:37 PM [PESG] : EdgeCluster	 	CNUVCANEDGE001
11/5/2019 6:27:37 PM [PESG] : EdgeFolder	 	NSX Edges
11/5/2019 6:27:37 PM [PESG] : UplinkNetwork	 	INET-CUST-ACCESS-S1
11/5/2019 6:27:37 PM [PESG] : NsxTransportZone	Transit-UTZ
11/5/2019 6:27:37 PM [PESG] : RoutingURL : https://10.19.249.20/api/4.0/edges/edge-3251/routing/config
11/5/2019 6:27:42 PM [Main]
Import-module : The specified module 'D:\Scripts\OCBOPS\fca-customer-creation\Scripts\VDC.ps1' was not loaded because 
no valid module file was found in any module directory.
At D:\Scripts\OCBOPS\fca-customer-creation\Main.ps1:145 char:1
+ Import-module  D:\Scripts\OCBOPS\fca-customer-creation\Scripts\VDC.ps ...
+ ~~~~~~~~~~~~~~~~~~~~~~~~~~~~~~~~~~~~~~~~~~~~~~~~~~~~~~~~~~~~~~~~~~~~~
    + CategoryInfo          : ResourceUnavailable: (D:\Scripts\OCBO...Scripts\VDC.ps1:String) [Import-Module], 
FileNotFoundException
    + FullyQualifiedErrorId : Modules_ModuleNotFound,Microsoft.PowerShell.Commands.ImportModuleCommand
Import-module : The specified module 'D:\Scripts\OCBOPS\fca-customer-creation\Scripts\VDC.ps1' was not loaded because
no valid module file was found in any module directory.
At D:\Scripts\OCBOPS\fca-customer-creation\Main.ps1:145 char:1
+ Import-module  D:\Scripts\OCBOPS\fca-customer-creation\Scripts\VDC.ps ...
+ ~~~~~~~~~~~~~~~~~~~~~~~~~~~~~~~~~~~~~~~~~~~~~~~~~~~~~~~~~~~~~~~~~~~~~
    + CategoryInfo          : ResourceUnavailable: (D:\Scripts\OCBO...Scripts\VDC.ps1:String) [Import-Module], FileNot
   FoundException
    + FullyQualifiedErrorId : Modules_ModuleNotFound,Microsoft.PowerShell.Commands.ImportModuleCommand

11/5/2019 6:27:42 PM [Main]
**********************
Windows PowerShell transcript end
End time: 20191105182742
**********************
