**********************
Windows PowerShell transcript start
Start time: 20191031135934
Username: OCPINFRA\ereen.thabet
RunAs User: OCPINFRA\ereen.thabet
Machine: VNUINFRATOOL01 (Microsoft Windows NT 6.3.9600.0)
Host Application: C:\Windows\System32\WindowsPowerShell\v1.0\powershell.exe
Process ID: 10628
PSVersion: 5.1.14409.1018
PSEdition: Desktop
PSCompatibleVersions: 1.0, 2.0, 3.0, 4.0, 5.0, 5.1.14409.1018
BuildVersion: 10.0.14409.1018
CLRVersion: 4.0.30319.42000
WSManStackVersion: 3.0
PSRemotingProtocolVersion: 2.3
SerializationVersion: 1.1.0.1
**********************
10/31/2019 1:59:34 PM [Main] : Script version: v1.0.1
10/31/2019 1:59:34 PM [Main] : ImportModule ConvertTo-IPv4MaskString.ps1
10/31/2019 1:59:34 PM [Main] : ImportModule Debug-Functions.ps1
10/31/2019 1:59:34 PM [Main] : ImportModule Exit-function.ps1
10/31/2019 1:59:34 PM [Main] : ImportModule Get-Inifile.ps1
10/31/2019 1:59:34 PM [Main] : ImportModule Get-ScriptVersion.ps1
10/31/2019 1:59:34 PM [Main] : ImportModule NSX-Functions.ps1
10/31/2019 1:59:34 PM [Main] : ImportModule VCD-functions.ps1
10/31/2019 1:59:34 PM [Main] : Import customer file D:\Scripts\OCBOPS\fca-customer-creation\Customers-info\FCA_SE_CUST_TEMPLATE - Copy.xml
Cannot convert value "System.Object[]" to type "System.Xml.XmlDocument". Error: "The 'networktype' start tag on line 30 
position 7 does not match the end tag of 'nteworktype'. Line 30, position 25."
At D:\Scripts\OCBOPS\fca-customer-creation\Main.ps1:114 char:2
+     $Customer = [Xml] (Get-Content $CustomerLocation  -ErrorVariable  ...
+     ~~~~~~~~~~~~~~~~~~~~~~~~~~~~~~~~~~~~~~~~~~~~~~~~~~~~~~~~~~~~~~~~~
    + CategoryInfo          : InvalidArgument: (:) [], RuntimeException
    + FullyQualifiedErrorId : InvalidCastToXmlDocument
Cannot convert value "System.Object[]" to type "System.Xml.XmlDocument". Error: "The 'networktype' start tag on line
30 position 7 does not match the end tag of 'nteworktype'. Line 30, position 25."
At D:\Scripts\OCBOPS\fca-customer-creation\Main.ps1:114 char:2
+     $Customer = [Xml] (Get-Content $CustomerLocation  -ErrorVariable  ...
+     ~~~~~~~~~~~~~~~~~~~~~~~~~~~~~~~~~~~~~~~~~~~~~~~~~~~~~~~~~~~~~~~~~
    + CategoryInfo          : InvalidArgument: (:) [], RuntimeException
    + FullyQualifiedErrorId : InvalidCastToXmlDocument

10/31/2019 1:59:35 PM [Main] : Site Name  FCA_VDR
10/31/2019 1:59:35 PM [Main] : Import site file D:\Scripts\OCBOPS\fca-customer-creation\Customers-info\FCA_VDR.ini
10/31/2019 1:59:35 PM [PESG] : Script version: v1.0.1
10/31/2019 1:59:35 PM [PESG] : ImportModel PowerNSX
WARNING: The names of some imported commands from the module 'PowerNSX' include unapproved verbs that might make them less discoverable. To find the commands with unapproved verbs, run the Import-Module command again with the Verbose parameter. For a list of approved verbs, type Get-Verb.
10/31/2019 1:59:35 PM [PESG] : PowerCli connection to vCenter : 10.19.249.9

Name                           Port  User
----                           ----  ----
10.19.249.9                    443   VSPHERE.LOCAL\onboarding
10/31/2019 1:59:36 PM [PESG] : PowerCli connected to vCenter
10/31/2019 1:59:36 PM [PESG] : PowerNSX connection to the NSX manager
PS D:\Scripts\OCBOPS\fca-customer-creation> TerminatingError(): "The pipeline has been stopped."
>> TerminatingError(): "The pipeline has been stopped."
>> TerminatingError(): "The pipeline has been stopped."
>> TerminatingError(): "The pipeline has been stopped."
>> TerminatingError(): "The pipeline has been stopped."
>> TerminatingError(): "The pipeline has been stopped."
PS D:\Scripts\OCBOPS\fca-customer-creation> $EdgeList= $Customer.customer.OrgVDCs.OrgVDC.Edges
PS D:\Scripts\OCBOPS\fca-customer-creation> $EdgeList
PS D:\Scripts\OCBOPS\fca-customer-creation> $CustomerFile
FCA_SE_CUST_TEMPLATE - Copy.xml
PS D:\Scripts\OCBOPS\fca-customer-creation> $CustomerLocation
D:\Scripts\OCBOPS\fca-customer-creation\Customers-info\FCA_SE_CUST_TEMPLATE - Copy.xml
PS D:\Scripts\OCBOPS\fca-customer-creation> $Customer = [Xml] (Get-Content $CustomerLocation  -ErrorVariable ProcessError -ErrorAction SilentlyContinue) 
Cannot convert value "System.Object[]" to type "System.Xml.XmlDocument". Error: "The 'networktype' start tag on line 30 
position 7 does not match the end tag of 'nteworktype'. Line 30, position 25."
At line:1 char:1
+ $Customer = [Xml] (Get-Content $CustomerLocation  -ErrorVariable Proc ...
+ ~~~~~~~~~~~~~~~~~~~~~~~~~~~~~~~~~~~~~~~~~~~~~~~~~~~~~~~~~~~~~~~~~~~~~
    + CategoryInfo          : InvalidArgument: (:) [], RuntimeException
    + FullyQualifiedErrorId : InvalidCastToXmlDocument
Cannot convert value "System.Object[]" to type "System.Xml.XmlDocument". Error: "The 'networktype' start tag on line
30 position 7 does not match the end tag of 'nteworktype'. Line 30, position 25."
At line:1 char:1
+ $Customer = [Xml] (Get-Content $CustomerLocation  -ErrorVariable Proc ...
+ ~~~~~~~~~~~~~~~~~~~~~~~~~~~~~~~~~~~~~~~~~~~~~~~~~~~~~~~~~~~~~~~~~~~~~
    + CategoryInfo          : InvalidArgument: (:) [], RuntimeException
    + FullyQualifiedErrorId : InvalidCastToXmlDocument

PS D:\Scripts\OCBOPS\fca-customer-creation> TerminatingError(TabExpansion2): "Cannot bind argument to parameter 'inputScript' because it is an empty string."
PS D:\Scripts\OCBOPS\fca-customer-creation> if ($ProcessError){
Write-Host (Get-Date).ToString() "$ScriptIdentifier : Error Importing customer file  $CustomerLocation" -ForegroundColor Red
Exit-function
}
PS D:\Scripts\OCBOPS\fca-customer-creation> $Customer

customer
--------
customer


PS D:\Scripts\OCBOPS\fca-customer-creation> $Customer = [Xml] (Get-Content $CustomerLocation  -ErrorVariable ProcessError -ErrorAction SilentlyContinue) 
PS D:\Scripts\OCBOPS\fca-customer-creation> $CustomerLocation = $WorkingDirectory+'Customers-info\' + $CustomerFile
PS D:\Scripts\OCBOPS\fca-customer-creation> TerminatingError(TabExpansion2): "Cannot bind argument to parameter 'inputScript' because it is an empty string."
PS D:\Scripts\OCBOPS\fca-customer-creation> Write-Host (Get-Date).ToString() "$ScriptIdentifier : Import customer file $CustomerLocation" -ForegroundColor Green
10/31/2019 2:04:42 PM [PESG] : Import customer file D:\Scripts\OCBOPS\fca-customer-creation\Customers-info\FCA_SE_CUST_TEMPLATE - Copy.xml
PS D:\Scripts\OCBOPS\fca-customer-creation> TerminatingError(TabExpansion2): "Cannot bind argument to parameter 'inputScript' because it is an empty string."
PS D:\Scripts\OCBOPS\fca-customer-creation> $Customer = [Xml] (Get-Content $CustomerLocation  -ErrorVariable ProcessError -ErrorAction SilentlyContinue) 
PS D:\Scripts\OCBOPS\fca-customer-creation> TerminatingError(TabExpansion2): "Cannot bind argument to parameter 'inputScript' because it is an empty string."
PS D:\Scripts\OCBOPS\fca-customer-creation> if ($ProcessError){
Write-Host (Get-Date).ToString() "$ScriptIdentifier : Error Importing customer file  $CustomerLocation" -ForegroundColor Red
Exit-function
}
PS D:\Scripts\OCBOPS\fca-customer-creation> $Customer

customer
--------
customer


PS D:\Scripts\OCBOPS\fca-customer-creation> $Customer.OuterXml
<customer><site>FCA_VDR</site><OrgName>FCA_VDR_Automation</OrgName><FullName>Automation Full Name</FullName><Tenant>Tenant01</Tenant><Description>Description</Description><OrgVDCs><OrgVDC><name>OrgVDC1</name><ProviderVDC>PVDCNUVDRVCAN01</ProviderVDC><AllocationModel>AllocationPool</AllocationModel><StorageProfile><name>SILVER</name><Limit>120</Limit></StorageProfile><cpu><Limit>50</Limit><Guaranteed>30</Guaranteed><Speed>2.0</Speed></cpu><Memory><Limit>48</Limit><Guaranteed>50</Guaranteed></Memory><NetoworkDigram>Stander/Mutli</NetoworkDigram><Description>OrgVDC Description</Description><Edges><Edge><name>VSE-INET</name><networktype>INET</networktype></Edge><Edge><name>VSE_ADMIN</name><networktype>ADMIN</networktype></Edge></Edges></OrgVDC><OrgVDC><name>OrgVDC2</name><ProviderVDC>PVDCNUVDRVCAN01</ProviderVDC><AllocationModel>AllocationPool</AllocationModel><StorageProfile><name>SILVER</name><Limit>150</Limit></StorageProfile><cpu><Limit>20</Limit><Guaranteed>30</Guaranteed><Speed>2.0</Speed></cpu><Memory><Limit>48</Limit><Guaranteed>50</Guaranteed></Memory><NetoworkDigram>Stander/Mutli</NetoworkDigram><Description>OrgVDC Description</Description></OrgVDC></OrgVDCs><Users><User><Name>User01</Name><FullName>user1</FullName><EmailAddress>email1@test.local</EmailAddress><Telephone>01</Telephone><Password>PA@sswordSS2</Password><UserType>Local</UserType></User><User><Name>User02</Name><FullName>user2</FullName><EmailAddress>email2@test.local</EmailAddress><Telephone>02</Telephone><Password>PA@sswordSS2</Password><UserType>Local</UserType></User></Users></customer>
PS D:\Scripts\OCBOPS\fca-customer-creation> $EdgeList= $Customer.customer.OrgVDCs.OrgVDC.Edges
PS D:\Scripts\OCBOPS\fca-customer-creation> $EdgeList

Edge
----
{VSE-INET, VSE_ADMIN}


PS D:\Scripts\OCBOPS\fca-customer-creation> $EdgeList.count()
Method invocation failed because [System.Xml.XmlElement] does not contain a method named 'count'.
At line:1 char:1
+ $EdgeList.count()
+ ~~~~~~~~~~~~~~~~~
    + CategoryInfo          : InvalidOperation: (count:String) [], RuntimeException
    + FullyQualifiedErrorId : MethodNotFound
Method invocation failed because [System.Xml.XmlElement] does not contain a method named 'count'.
At line:1 char:1
+ $EdgeList.count()
+ ~~~~~~~~~~~~~~~~~
    + CategoryInfo          : InvalidOperation: (count:String) [], RuntimeException
    + FullyQualifiedErrorId : MethodNotFound

PS D:\Scripts\OCBOPS\fca-customer-creation> $EdgeList.Count
2
PS D:\Scripts\OCBOPS\fca-customer-creation> $EdgeList.Edge

name      networktype
----      -----------
VSE-INET  INET
VSE_ADMIN ADMIN


PS D:\Scripts\OCBOPS\fca-customer-creation> $EdgeList.Edge.name
VSE-INET
VSE_ADMIN
PS D:\Scripts\OCBOPS\fca-customer-creation> $vcdHost=$Customizations.VCD.vcdHost
PS D:\Scripts\OCBOPS\fca-customer-creation> $vcdHost
api-3.flexible-computing-advanced.orange-business.com
PS D:\Scripts\OCBOPS\fca-customer-creation> $baseurl = "https://$vcdHost/api"
PS D:\Scripts\OCBOPS\fca-customer-creation> $baseurl
https://api-3.flexible-computing-advanced.orange-business.com/api
PS D:\Scripts\OCBOPS\fca-customer-creation> $ExtnetworksURL = $baseurl + "/admin/extension/externalNetworkReferences"
PS D:\Scripts\OCBOPS\fca-customer-creation> $ExtnetworksURL
https://api-3.flexible-computing-advanced.orange-business.com/api/admin/extension/externalNetworkReferences
PS D:\Scripts\OCBOPS\fca-customer-creation> $responseExtnetworks=Invoke-RestMethod -Uri $ExtnetworksURL -Headers $headers -Method GET
PS D:\Scripts\OCBOPS\fca-customer-creation> $responseExtnetworks

xml                                             VMWExternalNetworkReferences
---                                             ----------------------------
version="1.0" encoding="UTF-8" standalone="yes" VMWExternalNetworkReferences


PS D:\Scripts\OCBOPS\fca-customer-creation> $AdminExtNetName =$OrgName+$Customizations.AdminVCD.ExtNetName
PS D:\Scripts\OCBOPS\fca-customer-creation>  $AdminExtNetName
FCA_VDR_Automation_ADMIN_INTERCO_vCDESG_S1
PS D:\Scripts\OCBOPS\fca-customer-creation> $AdminExternalNetwork = $responseExtnetworks.VMWExternalNetworkReferences.ExternalNetworkReference  | where {$_.Name -eq  $AdminExtNetName }
PS D:\Scripts\OCBOPS\fca-customer-creation> $AdminExternalNetwork
PS D:\Scripts\OCBOPS\fca-customer-creation> $AdminExtNetName = "FCA_VDR_ABIS_ULS_INET_vCDESG_T_S1"
PS D:\Scripts\OCBOPS\fca-customer-creation> $AdminExternalNetwork = $responseExtnetworks.VMWExternalNetworkReferences.ExternalNetworkReference  | where {$_.Name -eq  $AdminExtNetName }
PS D:\Scripts\OCBOPS\fca-customer-creation> $AdminExternalNetwork

href
----
https://3.flexible-computing-advanced.orange-business.com/api/admin/extension/externalnet/8fa58799-78f9-45e1-b1c3-e5...


PS D:\Scripts\OCBOPS\fca-customer-creation> $AdminExternalNetwork.href
https://3.flexible-computing-advanced.orange-business.com/api/admin/extension/externalnet/8fa58799-78f9-45e1-b1c3-e5c6f07c6878
PS D:\Scripts\OCBOPS\fca-customer-creation> $AdminExternalNetwork.href
https://3.flexible-computing-advanced.orange-business.com/api/admin/extension/externalnet/8fa58799-78f9-45e1-b1c3-e5c6f07c6878
PS D:\Scripts\OCBOPS\fca-customer-creation> $responseExtnetworks=Invoke-RestMethod -Uri $AdminExternalNetwork.href  -Headers $headers -Method GET
PS D:\Scripts\OCBOPS\fca-customer-creation> $responseExtnetworks

xml                                             VMWExternalNetwork
---                                             ------------------
version="1.0" encoding="UTF-8" standalone="yes" VMWExternalNetwork


PS D:\Scripts\OCBOPS\fca-customer-creation> $responseExtnetworks.VMWExternalNetwork


xmlns           : http://www.vmware.com/vcloud/v1.5
vmext           : http://www.vmware.com/vcloud/extension/v1.5
ovf             : http://schemas.dmtf.org/ovf/envelope/1
vssd            : http://schemas.dmtf.org/wbem/wscim/1/cim-schema/2/CIM_VirtualSystemSettingData
common          : http://schemas.dmtf.org/wbem/wscim/1/common
rasd            : http://schemas.dmtf.org/wbem/wscim/1/cim-schema/2/CIM_ResourceAllocationSettingData
vmw             : http://www.vmware.com/schema/ovf
ovfenv          : http://schemas.dmtf.org/ovf/environment/1
ns9             : http://www.vmware.com/vcloud/versions
name            : FCA_VDR_ABIS_ULS_INET_vCDESG_T_S1
id              : urn:vcloud:network:8fa58799-78f9-45e1-b1c3-e5c6f07c6878
href            : https://3.flexible-computing-advanced.orange-business.com/api/admin/extension/externalnet/8fa58799-78
                  f9-45e1-b1c3-e5c6f07c6878
type            : application/vnd.vmware.admin.vmwexternalnet+xml
Link            : {Link, Link, Link, Link...}
Description     :
Configuration   : Configuration
VimPortGroupRef : VimPortGroupRef



PS D:\Scripts\OCBOPS\fca-customer-creation> $responseExtnetworks.VMWExternalNetwork.Configuration

IpScopes FenceMode RetainNetInfoAcrossDeployments
-------- --------- ------------------------------
IpScopes isolated  false


PS D:\Scripts\OCBOPS\fca-customer-creation> $responseExtnetworks.VMWExternalNetwork.Configuration.IpScopes

IpScope
-------
IpScope


PS D:\Scripts\OCBOPS\fca-customer-creation> $responseExtnetworks.VMWExternalNetwork.Configuration.IpScopes.IpScope


IsInherited          : false
Gateway              : 100.64.124.254
Netmask              : 255.255.255.0
SubnetPrefixLength   : 24
IsEnabled            : true
IpRanges             : IpRanges
AllocatedIpAddresses : AllocatedIpAddresses
SubAllocations       : SubAllocations



PS D:\Scripts\OCBOPS\fca-customer-creation> $EdgeList= $Customer.customer.OrgVDCs.OrgVDC.Edges
PS D:\Scripts\OCBOPS\fca-customer-creation> $EdgeList

Edge
----
{VSE-INET, VSE_ADMIN}


PS D:\Scripts\OCBOPS\fca-customer-creation> $EdgeList[0]

Edge
----
{VSE-INET, VSE_ADMIN}


PS D:\Scripts\OCBOPS\fca-customer-creation> $EdgeList[0].Edge

name      networktype
----      -----------
VSE-INET  INET
VSE_ADMIN ADMIN


PS D:\Scripts\OCBOPS\fca-customer-creation> $EdgeList[0].Edge.Name
VSE-INET
VSE_ADMIN
PS D:\Scripts\OCBOPS\fca-customer-creation> $EdgeList.Edge[0].Name
VSE-INET
PS D:\Scripts\OCBOPS\fca-customer-creation> $EdgeList= $Customer.customer.OrgVDCs.OrgVDC.Edges
PS D:\Scripts\OCBOPS\fca-customer-creation> $EdgeList

Edge
----
{VSE-INET, VSE_ADMIN}


PS D:\Scripts\OCBOPS\fca-customer-creation> $EdgeList[0]

Edge
----
{VSE-INET, VSE_ADMIN}


PS D:\Scripts\OCBOPS\fca-customer-creation> $EdgeList[0]$EdgesList= $Customer.customer.OrgVDCs.OrgVDC.Edges.Edge$EdgesList= $Customer.customer.OrgVDCs.OrgVDC.Edges.Edge$EdgesList= $Customer.customer.OrgVDCs.OrgVDC.Edges.Edge
At line:1 char:13
+ $EdgeList[0]$EdgesList= $Customer.customer.OrgVDCs.OrgVDC.Edges.Edge$ ...
+             ~~~~~~~~~~~
Unexpected token '$EdgesList=' in expression or statement.

At line:1 char:69
+ ... List= $Customer.customer.OrgVDCs.OrgVDC.Edges.Edge$EdgesList= $Custom ...
+                                                       ~~~~~~~~~~~
Unexpected token '$EdgesList=' in expression or statement.

At line:1 char:125
+ ... List= $Customer.customer.OrgVDCs.OrgVDC.Edges.Edge$EdgesList= $Custom ...
+                                                       ~~~~~~~~~~~
Unexpected token '$EdgesList=' in expression or statement.
At line:1 char:13
+ $EdgeList[0]$EdgesList= $Customer.customer.OrgVDCs.OrgVDC.Edges.Edge$ ...
+             ~~~~~~~~~~~
Unexpected token '$EdgesList=' in expression or statement.

At line:1 char:69
+ ... List= $Customer.customer.OrgVDCs.OrgVDC.Edges.Edge$EdgesList= $Custom ...
+                                                       ~~~~~~~~~~~
Unexpected token '$EdgesList=' in expression or statement.

At line:1 char:125
+ ... List= $Customer.customer.OrgVDCs.OrgVDC.Edges.Edge$EdgesList= $Custom ...
+                                                       ~~~~~~~~~~~
Unexpected token '$EdgesList=' in expression or statement.
    + CategoryInfo          : ParserError: (:) [], ParentContainsErrorRecordException
    + FullyQualifiedErrorId : UnexpectedToken

PS D:\Scripts\OCBOPS\fca-customer-creation> $EdgesList= $Customer.customer.OrgVDCs.OrgVDC.Edges.Edge
PS D:\Scripts\OCBOPS\fca-customer-creation> $EdgesList

name      networktype
----      -----------
VSE-INET  INET
VSE_ADMIN ADMIN


PS D:\Scripts\OCBOPS\fca-customer-creation> $EdgesList[0]

name     networktype
----     -----------
VSE-INET INET


PS D:\Scripts\OCBOPS\fca-customer-creation> $EdgesList[0].name
VSE-INET
PS D:\Scripts\OCBOPS\fca-customer-creation> $responseOrgVDC.AdminVDC.Tasks.Task.href
https://3.flexible-computing-advanced.orange-business.com/api/task/9517592a-e555-40fc-8d7f-b304008d53ae
PS D:\Scripts\OCBOPS\fca-customer-creation> $responseOrgVDC.AdminVDC


xmlns                    : http://www.vmware.com/vcloud/v1.5
ovf                      : http://schemas.dmtf.org/ovf/envelope/1
vssd                     : http://schemas.dmtf.org/wbem/wscim/1/cim-schema/2/CIM_VirtualSystemSettingData
common                   : http://schemas.dmtf.org/wbem/wscim/1/common
rasd                     : http://schemas.dmtf.org/wbem/wscim/1/cim-schema/2/CIM_ResourceAllocationSettingData
vmw                      : http://www.vmware.com/schema/ovf
ovfenv                   : http://schemas.dmtf.org/ovf/environment/1
vmext                    : http://www.vmware.com/vcloud/extension/v1.5
ns9                      : http://www.vmware.com/vcloud/versions
status                   : 0
name                     : OrgVDC2
id                       : urn:vcloud:vdc:735a9079-3fc2-41b5-95d1-89f0d52d9d3f
href                     : https://3.flexible-computing-advanced.orange-business.com/api/admin/vdc/735a9079-3fc2-41b5-9
                           5d1-89f0d52d9d3f
type                     : application/vnd.vmware.admin.vdc+xml
Link                     : {Link, Link, Link, Link...}
Description              : OrgVDC2
Tasks                    : Tasks
AllocationModel          : AllocationPool
ComputeCapacity          : ComputeCapacity
ResourceEntities         :
AvailableNetworks        :
Capabilities             : Capabilities
NicQuota                 : 0
NetworkQuota             : 100
UsedNetworkCount         : 0
VmQuota                  : 0
IsEnabled                : false
VdcStorageProfiles       :
VCpuInMhz2               : 2000
ResourceGuaranteedMemory : 0.5
ResourceGuaranteedCpu    : 0.3
VCpuInMhz                : 2000
IsThinProvision          : true
VendorServices           :
ProviderVdcReference     : ProviderVdcReference
UsesFastProvisioning     : false



PS D:\Scripts\OCBOPS\fca-customer-creation> $responseOrgVDC.AdminVDC.href
https://3.flexible-computing-advanced.orange-business.com/api/admin/vdc/735a9079-3fc2-41b5-95d1-89f0d52d9d3f
PS D:\Scripts\OCBOPS\fca-customer-creation> $responseOrgVDC.AdminVDC.id
urn:vcloud:vdc:735a9079-3fc2-41b5-95d1-89f0d52d9d3f
PS D:\Scripts\OCBOPS\fca-customer-creation> $responseOrgVDC.AdminVDC.id
urn:vcloud:vdc:735a9079-3fc2-41b5-95d1-89f0d52d9d3f
PS D:\Scripts\OCBOPS\fca-customer-creation> $AdminExternalNetwork.name
FCA_VDR_ABIS_ULS_INET_vCDESG_T_S1
